[WARNING] msprof is running as root. For security reasons, use a regular user account instead.
[INFO] Start profiling...
✅ 成功读取二进制文件: ../../data/vector_csr/A_data.bin (元素数: 838848)
✅ 成功读取二进制文件: ../../data/vector_csr/A_cols.bin (元素数: 52428)
✅ 成功读取二进制文件: ../../data/vector_csr/A_indptr.bin (元素数: 257)

>>> A矩阵vector-CSR格式信息:
向量块数量: 52428  向量维度d: 16
行块数: 256  行指针长度: 257
>>> 前16个元素（float）:
-0.9126 1.3881 0.8255 -0.3621 -0.1641 0.4707 -1.9610 1.1375 
0.8653 1.9501 1.3004 0.4777 -0.9460 -0.3777 1.2032 -0.8000 

✅ 成功读取二进制文件: ../../data/B_dense.bin (元素数: 15728640)
>>> 前16个元素（__fp16）:
0.5786 -1.0645 0.7759 -0.5815 0.1786 0.3572 -0.9663 -0.5273 
-0.4226 -0.2179 0.8228 0.5269 -0.8457 -0.1664 1.8271 0.2000 

B-pack workspace: double-buffered ring, slots=2, n_batch=64, aic_n_batch=8, sparse_k_tile=256, total_b_pack_elems=111345664
Kernel start!
Prof mode: launch spmm kernel 21 times for stable msprof statistics.

===== Host Wall-Time Breakdown =====
  acl init + handle        : 598.266 ms
  host malloc/init         : 2.481 ms
  read A vector CSR        : 3.332 ms
  read B dense             : 48.177 ms
  read C reference         : 0.000 ms
  analyze sparse metadata  : 0.031 ms
  pack B on host (once)    : 0.000 ms
  debug host alloc/init    : 0.000 ms
  device malloc            : 0.487 ms
  H2D memcpy               : 1.514 ms
  device memset            : 3.131 ms
  kernel loop + sync       : 17.728 ms
  kernel avg per launch    : 0.844 ms (21 launches)
  D2H C memcpy             : 0.000 ms
  D2H debug memcpy         : 0.000 ms
  debug dump printing      : 0.000 ms
  verification             : 0.000 ms
  debug summary printing   : 0.000 ms
  cleanup                  : 1389.443 ms
  total inside main        : 2064.625 ms
====================================

Kernel end!
[INFO] Start export data in PROF_000001_20260621160825542_RKHDNJQEGBELMHAA.
Sun 21 Jun 2026 16:08:28 [INFO] [MSVP] [709142] msprof_common.py: Start analyzing data in "/root/LHX/Magicore-final260620/ascblas/shell/prof_n_regular_single/nreg_m4096_n3840_k4096_s95_d16/PROF_000001_20260621160825542_RKHDNJQEGBELMHAA/host" ...
Sun 21 Jun 2026 16:08:28 [INFO] [MSVP] [709142] msprof_common.py: It may take few minutes, please be patient ...
Sun 21 Jun 2026 16:08:28 [INFO] [MSVP] [709142] msprof_common.py: Analysis data in "/root/LHX/Magicore-final260620/ascblas/shell/prof_n_regular_single/nreg_m4096_n3840_k4096_s95_d16/PROF_000001_20260621160825542_RKHDNJQEGBELMHAA/host" finished.
Sun 21 Jun 2026 16:08:28 [INFO] [MSVP] [709142] msprof_common.py: Start analyzing data in "/root/LHX/Magicore-final260620/ascblas/shell/prof_n_regular_single/nreg_m4096_n3840_k4096_s95_d16/PROF_000001_20260621160825542_RKHDNJQEGBELMHAA/device_0" ...
Sun 21 Jun 2026 16:08:28 [INFO] [MSVP] [709142] msprof_common.py: It may take few minutes, please be patient ...
Sun 21 Jun 2026 16:08:29 [INFO] [MSVP] [709142] msprof_common.py: Analysis data in "/root/LHX/Magicore-final260620/ascblas/shell/prof_n_regular_single/nreg_m4096_n3840_k4096_s95_d16/PROF_000001_20260621160825542_RKHDNJQEGBELMHAA/device_0" finished.
Sun 21 Jun 2026 16:08:29 [INFO] [MSVP] [709142] msprof_export.py: All collected data will be exported, path is: /root/LHX/Magicore-final260620/ascblas/shell/prof_n_regular_single/nreg_m4096_n3840_k4096_s95_d16/PROF_000001_20260621160825542_RKHDNJQEGBELMHAA/device_0.
Sun 21 Jun 2026 16:08:29 [INFO] [MSVP] [709142] msprof_export.py: There is no timeline data to export for "/root/LHX/Magicore-final260620/ascblas/shell/prof_n_regular_single/nreg_m4096_n3840_k4096_s95_d16/PROF_000001_20260621160825542_RKHDNJQEGBELMHAA/host"
Sun 21 Jun 2026 16:08:29 [INFO] [MSVP] [709307] msprof_export.py: The data in "/root/LHX/Magicore-final260620/ascblas/shell/prof_n_regular_single/nreg_m4096_n3840_k4096_s95_d16/PROF_000001_20260621160825542_RKHDNJQEGBELMHAA/host" has been analyzed. Parsing phase will be skipped.
Sun 21 Jun 2026 16:08:29 [INFO] [MSVP] [709307] msprof_export.py: The data in "/root/LHX/Magicore-final260620/ascblas/shell/prof_n_regular_single/nreg_m4096_n3840_k4096_s95_d16/PROF_000001_20260621160825542_RKHDNJQEGBELMHAA/device_0" has been analyzed. Parsing phase will be skipped.
Sun 21 Jun 2026 16:08:29 [INFO] [MSVP] [709307] msprof_export.py: All collected data will be exported, path is: /root/LHX/Magicore-final260620/ascblas/shell/prof_n_regular_single/nreg_m4096_n3840_k4096_s95_d16/PROF_000001_20260621160825542_RKHDNJQEGBELMHAA/device_0.
Sun 21 Jun 2026 16:08:29 [INFO] [MSVP] [709307] msprof_export.py: There is no summary data to export for "/root/LHX/Magicore-final260620/ascblas/shell/prof_n_regular_single/nreg_m4096_n3840_k4096_s95_d16/PROF_000001_20260621160825542_RKHDNJQEGBELMHAA/host"
Sun 21 Jun 2026 16:08:29 [INFO] [MSVP] [709307] msprof_export.py: All collected data will be exported, path is: /root/LHX/Magicore-final260620/ascblas/shell/prof_n_regular_single/nreg_m4096_n3840_k4096_s95_d16/PROF_000001_20260621160825542_RKHDNJQEGBELMHAA/device_0.
Sun 21 Jun 2026 16:08:29 [INFO] [MSVP] [709307] msprof_common.py: Start exporting summary output_file.
Sun 21 Jun 2026 16:08:29 [INFO] [MSVP] [709307] msprof_common.py: End exporting summary output_file.The file is stored in the /root/LHX/Magicore-final260620/ascblas/shell/prof_n_regular_single/nreg_m4096_n3840_k4096_s95_d16/PROF_000001_20260621160825542_RKHDNJQEGBELMHAA/mindstudio_profiler_output path.
[INFO] Export all data in PROF_000001_20260621160825542_RKHDNJQEGBELMHAA done.
[INFO] Start query data in PROF_000001_20260621160825542_RKHDNJQEGBELMHAA.
Job Info	Device ID	Dir Name	Collection Time           	Model ID	Iteration Number	Top Time Iteration	Rank ID	

NA      	         	host    	2026-06-21 16:08:25.545103	N/A     	N/A             	N/A               	-1     	

NA      	0        	device_0	2026-06-21 16:08:26.111984	N/A     	N/A             	N/A               	-1     	

[INFO] Query all data in PROF_000001_20260621160825542_RKHDNJQEGBELMHAA done.
[INFO] Profiling finished.
[INFO] Process profiling data complete. Data is saved in /root/LHX/Magicore-final260620/ascblas/shell/prof_n_regular_single/nreg_m4096_n3840_k4096_s95_d16/PROF_000001_20260621160825542_RKHDNJQEGBELMHAA
