[WARNING] msprof is running as root. For security reasons, use a regular user account instead.
[INFO] Start profiling...
✅ 成功读取二进制文件: ../../data/vector_csr/A_data.bin (元素数: 838848)
✅ 成功读取二进制文件: ../../data/vector_csr/A_cols.bin (元素数: 52428)
✅ 成功读取二进制文件: ../../data/vector_csr/A_indptr.bin (元素数: 257)

>>> A矩阵vector-CSR格式信息:
向量块数量: 52428  向量维度d: 16
行块数: 256  行指针长度: 257
>>> 前16个元素（float）:
0.7846 0.9985 -0.9538 0.9833 -0.4755 -0.7507 -0.7318 1.7452 
1.8030 -0.6931 -1.3637 -0.0602 -0.6929 -1.0397 0.6489 1.6147 

✅ 成功读取二进制文件: ../../data/B_dense.bin (元素数: 8388608)
>>> 前16个元素（__fp16）:
-1.0322 -0.1235 0.7012 0.6572 -0.4370 0.0123 -0.7764 -0.2273 
-1.0166 -0.9097 -0.0856 -0.2078 0.0717 -1.0039 -0.2123 -1.6123 

B-pack workspace: double-buffered ring, slots=2, n_batch=64, aic_n_batch=8, sparse_k_tile=256, total_b_pack_elems=111312896
Kernel start!
Prof mode: launch spmm kernel 21 times for stable msprof statistics.

===== Host Wall-Time Breakdown =====
  acl init + handle        : 600.892 ms
  host malloc/init         : 1.368 ms
  read A vector CSR        : 3.374 ms
  read B dense             : 25.970 ms
  read C reference         : 0.000 ms
  analyze sparse metadata  : 0.021 ms
  pack B on host (once)    : 0.000 ms
  debug host alloc/init    : 0.000 ms
  device malloc            : 0.454 ms
  H2D memcpy               : 0.943 ms
  device memset            : 1.671 ms
  kernel loop + sync       : 11.549 ms
  kernel avg per launch    : 0.550 ms (21 launches)
  D2H C memcpy             : 0.000 ms
  D2H debug memcpy         : 0.000 ms
  debug dump printing      : 0.000 ms
  verification             : 0.000 ms
  debug summary printing   : 0.000 ms
  cleanup                  : 1287.444 ms
  total inside main        : 1933.715 ms
====================================

Kernel end!
[INFO] Start export data in PROF_000001_20260621160753635_RLRDRBDCEDLOLHLC.
Sun 21 Jun 2026 16:07:56 [INFO] [MSVP] [705288] msprof_common.py: Start analyzing data in "/root/LHX/Magicore-final260620/ascblas/shell/prof_n_regular_single/nreg_m4096_n2048_k4096_s95_d16/PROF_000001_20260621160753635_RLRDRBDCEDLOLHLC/host" ...
Sun 21 Jun 2026 16:07:56 [INFO] [MSVP] [705288] msprof_common.py: It may take few minutes, please be patient ...
Sun 21 Jun 2026 16:07:57 [INFO] [MSVP] [705288] msprof_common.py: Analysis data in "/root/LHX/Magicore-final260620/ascblas/shell/prof_n_regular_single/nreg_m4096_n2048_k4096_s95_d16/PROF_000001_20260621160753635_RLRDRBDCEDLOLHLC/host" finished.
Sun 21 Jun 2026 16:07:57 [INFO] [MSVP] [705288] msprof_common.py: Start analyzing data in "/root/LHX/Magicore-final260620/ascblas/shell/prof_n_regular_single/nreg_m4096_n2048_k4096_s95_d16/PROF_000001_20260621160753635_RLRDRBDCEDLOLHLC/device_0" ...
Sun 21 Jun 2026 16:07:57 [INFO] [MSVP] [705288] msprof_common.py: It may take few minutes, please be patient ...
Sun 21 Jun 2026 16:07:57 [INFO] [MSVP] [705288] msprof_common.py: Analysis data in "/root/LHX/Magicore-final260620/ascblas/shell/prof_n_regular_single/nreg_m4096_n2048_k4096_s95_d16/PROF_000001_20260621160753635_RLRDRBDCEDLOLHLC/device_0" finished.
Sun 21 Jun 2026 16:07:57 [INFO] [MSVP] [705288] msprof_export.py: All collected data will be exported, path is: /root/LHX/Magicore-final260620/ascblas/shell/prof_n_regular_single/nreg_m4096_n2048_k4096_s95_d16/PROF_000001_20260621160753635_RLRDRBDCEDLOLHLC/device_0.
Sun 21 Jun 2026 16:07:57 [INFO] [MSVP] [705288] msprof_export.py: There is no timeline data to export for "/root/LHX/Magicore-final260620/ascblas/shell/prof_n_regular_single/nreg_m4096_n2048_k4096_s95_d16/PROF_000001_20260621160753635_RLRDRBDCEDLOLHLC/host"
Sun 21 Jun 2026 16:07:57 [INFO] [MSVP] [705453] msprof_export.py: The data in "/root/LHX/Magicore-final260620/ascblas/shell/prof_n_regular_single/nreg_m4096_n2048_k4096_s95_d16/PROF_000001_20260621160753635_RLRDRBDCEDLOLHLC/host" has been analyzed. Parsing phase will be skipped.
Sun 21 Jun 2026 16:07:57 [INFO] [MSVP] [705453] msprof_export.py: The data in "/root/LHX/Magicore-final260620/ascblas/shell/prof_n_regular_single/nreg_m4096_n2048_k4096_s95_d16/PROF_000001_20260621160753635_RLRDRBDCEDLOLHLC/device_0" has been analyzed. Parsing phase will be skipped.
Sun 21 Jun 2026 16:07:57 [INFO] [MSVP] [705453] msprof_export.py: All collected data will be exported, path is: /root/LHX/Magicore-final260620/ascblas/shell/prof_n_regular_single/nreg_m4096_n2048_k4096_s95_d16/PROF_000001_20260621160753635_RLRDRBDCEDLOLHLC/device_0.
Sun 21 Jun 2026 16:07:58 [INFO] [MSVP] [705453] msprof_export.py: There is no summary data to export for "/root/LHX/Magicore-final260620/ascblas/shell/prof_n_regular_single/nreg_m4096_n2048_k4096_s95_d16/PROF_000001_20260621160753635_RLRDRBDCEDLOLHLC/host"
Sun 21 Jun 2026 16:07:58 [INFO] [MSVP] [705453] msprof_export.py: All collected data will be exported, path is: /root/LHX/Magicore-final260620/ascblas/shell/prof_n_regular_single/nreg_m4096_n2048_k4096_s95_d16/PROF_000001_20260621160753635_RLRDRBDCEDLOLHLC/device_0.
Sun 21 Jun 2026 16:07:58 [INFO] [MSVP] [705453] msprof_common.py: Start exporting summary output_file.
Sun 21 Jun 2026 16:07:58 [INFO] [MSVP] [705453] msprof_common.py: End exporting summary output_file.The file is stored in the /root/LHX/Magicore-final260620/ascblas/shell/prof_n_regular_single/nreg_m4096_n2048_k4096_s95_d16/PROF_000001_20260621160753635_RLRDRBDCEDLOLHLC/mindstudio_profiler_output path.
[INFO] Export all data in PROF_000001_20260621160753635_RLRDRBDCEDLOLHLC done.
[INFO] Start query data in PROF_000001_20260621160753635_RLRDRBDCEDLOLHLC.
Job Info	Device ID	Dir Name	Collection Time           	Model ID	Iteration Number	Top Time Iteration	Rank ID	

NA      	         	host    	2026-06-21 16:07:53.638205	N/A     	N/A             	N/A               	-1     	

NA      	0        	device_0	2026-06-21 16:07:54.208101	N/A     	N/A             	N/A               	-1     	

[INFO] Query all data in PROF_000001_20260621160753635_RLRDRBDCEDLOLHLC done.
[INFO] Profiling finished.
[INFO] Process profiling data complete. Data is saved in /root/LHX/Magicore-final260620/ascblas/shell/prof_n_regular_single/nreg_m4096_n2048_k4096_s95_d16/PROF_000001_20260621160753635_RLRDRBDCEDLOLHLC
