[WARNING] msprof is running as root. For security reasons, use a regular user account instead.
[INFO] Start profiling...
Host-side N padding enabled: N_original=4095, N_kernel=4096 (pad 1 columns, granularity=128)
✅ 成功读取二进制文件: ../../data/vector_csr/A_data.bin (元素数: 838848)
✅ 成功读取二进制文件: ../../data/vector_csr/A_cols.bin (元素数: 52428)
✅ 成功读取二进制文件: ../../data/vector_csr/A_indptr.bin (元素数: 257)

>>> A矩阵vector-CSR格式信息:
向量块数量: 52428  向量维度d: 16
行块数: 256  行指针长度: 257
>>> 前16个元素（float）:
-0.0180 0.3188 1.2530 0.4486 -0.4506 -1.2462 0.3659 -1.9845 
0.9684 0.3964 -0.5110 -2.4973 0.2452 -1.4988 -2.4051 -0.3932 

✅ 成功读取二进制文件: ../../data/B_dense.bin (元素数: 16773120)
>>> 前16个元素（__fp16）:
-0.8398 -0.6196 -2.6504 0.9019 -0.8530 0.2191 -1.4453 1.7988 
1.8154 -0.5513 1.2705 -1.8652 -0.5737 -0.6138 -0.1786 -0.1467 

B-pack workspace: double-buffered ring, slots=2, n_batch=64, aic_n_batch=8, sparse_k_tile=256, total_b_pack_elems=111214592
Kernel start!
Prof mode: launch spmm kernel 21 times for stable msprof statistics.

===== Host Wall-Time Breakdown =====
  acl init + handle        : 598.555 ms
  host malloc/init         : 2.681 ms
  read A vector CSR        : 3.460 ms
  read B dense             : 62.905 ms
  read C reference         : 0.000 ms
  analyze sparse metadata  : 0.047 ms
  pack B on host (once)    : 0.000 ms
  debug host alloc/init    : 0.000 ms
  device malloc            : 0.435 ms
  H2D memcpy               : 1.581 ms
  device memset            : 3.532 ms
  kernel loop + sync       : 18.722 ms
  kernel avg per launch    : 0.892 ms (21 launches)
  D2H C memcpy             : 0.000 ms
  D2H debug memcpy         : 0.000 ms
  debug dump printing      : 0.000 ms
  verification             : 0.000 ms
  debug summary printing   : 0.000 ms
  cleanup                  : 1113.793 ms
  total inside main        : 1805.770 ms
====================================

Kernel end!
[INFO] Start export data in PROF_000001_20260621160914818_CNNECMAJBAIDIAMA.
Sun 21 Jun 2026 16:09:18 [INFO] [MSVP] [714207] msprof_common.py: Start analyzing data in "/root/LHX/Magicore-final260620/ascblas/shell/prof_n_regular_single/nreg_m4096_n4095_k4096_s95_d16/PROF_000001_20260621160914818_CNNECMAJBAIDIAMA/host" ...
Sun 21 Jun 2026 16:09:18 [INFO] [MSVP] [714207] msprof_common.py: It may take few minutes, please be patient ...
Sun 21 Jun 2026 16:09:18 [INFO] [MSVP] [714207] msprof_common.py: Analysis data in "/root/LHX/Magicore-final260620/ascblas/shell/prof_n_regular_single/nreg_m4096_n4095_k4096_s95_d16/PROF_000001_20260621160914818_CNNECMAJBAIDIAMA/host" finished.
Sun 21 Jun 2026 16:09:18 [INFO] [MSVP] [714207] msprof_common.py: Start analyzing data in "/root/LHX/Magicore-final260620/ascblas/shell/prof_n_regular_single/nreg_m4096_n4095_k4096_s95_d16/PROF_000001_20260621160914818_CNNECMAJBAIDIAMA/device_0" ...
Sun 21 Jun 2026 16:09:18 [INFO] [MSVP] [714207] msprof_common.py: It may take few minutes, please be patient ...
Sun 21 Jun 2026 16:09:18 [INFO] [MSVP] [714207] msprof_common.py: Analysis data in "/root/LHX/Magicore-final260620/ascblas/shell/prof_n_regular_single/nreg_m4096_n4095_k4096_s95_d16/PROF_000001_20260621160914818_CNNECMAJBAIDIAMA/device_0" finished.
Sun 21 Jun 2026 16:09:18 [INFO] [MSVP] [714207] msprof_export.py: All collected data will be exported, path is: /root/LHX/Magicore-final260620/ascblas/shell/prof_n_regular_single/nreg_m4096_n4095_k4096_s95_d16/PROF_000001_20260621160914818_CNNECMAJBAIDIAMA/device_0.
Sun 21 Jun 2026 16:09:18 [INFO] [MSVP] [714207] msprof_export.py: There is no timeline data to export for "/root/LHX/Magicore-final260620/ascblas/shell/prof_n_regular_single/nreg_m4096_n4095_k4096_s95_d16/PROF_000001_20260621160914818_CNNECMAJBAIDIAMA/host"
Sun 21 Jun 2026 16:09:19 [INFO] [MSVP] [714372] msprof_export.py: The data in "/root/LHX/Magicore-final260620/ascblas/shell/prof_n_regular_single/nreg_m4096_n4095_k4096_s95_d16/PROF_000001_20260621160914818_CNNECMAJBAIDIAMA/host" has been analyzed. Parsing phase will be skipped.
Sun 21 Jun 2026 16:09:19 [INFO] [MSVP] [714372] msprof_export.py: The data in "/root/LHX/Magicore-final260620/ascblas/shell/prof_n_regular_single/nreg_m4096_n4095_k4096_s95_d16/PROF_000001_20260621160914818_CNNECMAJBAIDIAMA/device_0" has been analyzed. Parsing phase will be skipped.
Sun 21 Jun 2026 16:09:19 [INFO] [MSVP] [714372] msprof_export.py: All collected data will be exported, path is: /root/LHX/Magicore-final260620/ascblas/shell/prof_n_regular_single/nreg_m4096_n4095_k4096_s95_d16/PROF_000001_20260621160914818_CNNECMAJBAIDIAMA/device_0.
Sun 21 Jun 2026 16:09:19 [INFO] [MSVP] [714372] msprof_export.py: There is no summary data to export for "/root/LHX/Magicore-final260620/ascblas/shell/prof_n_regular_single/nreg_m4096_n4095_k4096_s95_d16/PROF_000001_20260621160914818_CNNECMAJBAIDIAMA/host"
Sun 21 Jun 2026 16:09:19 [INFO] [MSVP] [714372] msprof_export.py: All collected data will be exported, path is: /root/LHX/Magicore-final260620/ascblas/shell/prof_n_regular_single/nreg_m4096_n4095_k4096_s95_d16/PROF_000001_20260621160914818_CNNECMAJBAIDIAMA/device_0.
Sun 21 Jun 2026 16:09:19 [INFO] [MSVP] [714372] msprof_common.py: Start exporting summary output_file.
Sun 21 Jun 2026 16:09:19 [INFO] [MSVP] [714372] msprof_common.py: End exporting summary output_file.The file is stored in the /root/LHX/Magicore-final260620/ascblas/shell/prof_n_regular_single/nreg_m4096_n4095_k4096_s95_d16/PROF_000001_20260621160914818_CNNECMAJBAIDIAMA/mindstudio_profiler_output path.
[INFO] Export all data in PROF_000001_20260621160914818_CNNECMAJBAIDIAMA done.
[INFO] Start query data in PROF_000001_20260621160914818_CNNECMAJBAIDIAMA.
Job Info	Device ID	Dir Name	Collection Time           	Model ID	Iteration Number	Top Time Iteration	Rank ID	

NA      	         	host    	2026-06-21 16:09:14.820867	N/A     	N/A             	N/A               	-1     	

NA      	0        	device_0	2026-06-21 16:09:15.387617	N/A     	N/A             	N/A               	-1     	

[INFO] Query all data in PROF_000001_20260621160914818_CNNECMAJBAIDIAMA done.
[INFO] Profiling finished.
[INFO] Process profiling data complete. Data is saved in /root/LHX/Magicore-final260620/ascblas/shell/prof_n_regular_single/nreg_m4096_n4095_k4096_s95_d16/PROF_000001_20260621160914818_CNNECMAJBAIDIAMA
