[WARNING] msprof is running as root. For security reasons, use a regular user account instead.
[INFO] Start profiling...
Host-side N padding enabled: N_original=4097, N_kernel=4224 (pad 127 columns, granularity=128)
✅ 成功读取二进制文件: ../../data/vector_csr/A_data.bin (元素数: 838848)
✅ 成功读取二进制文件: ../../data/vector_csr/A_cols.bin (元素数: 52428)
✅ 成功读取二进制文件: ../../data/vector_csr/A_indptr.bin (元素数: 257)

>>> A矩阵vector-CSR格式信息:
向量块数量: 52428  向量维度d: 16
行块数: 256  行指针长度: 257
>>> 前16个元素（float）:
-0.6477 1.5259 -1.7651 -1.5725 1.6578 -0.6259 -0.3101 -1.1343 
0.3431 0.6091 -2.1318 0.5981 0.1674 -0.2739 0.9893 -1.7259 

✅ 成功读取二进制文件: ../../data/B_dense.bin (元素数: 16781312)
>>> 前16个元素（__fp16）:
-0.2397 0.3953 0.8530 0.9219 -0.7642 0.8491 -2.3359 -1.7480 
2.2246 1.4971 -0.2155 -0.5894 -0.1450 -1.3848 -0.7271 0.8369 

B-pack workspace: double-buffered ring, slots=2, n_batch=64, aic_n_batch=8, sparse_k_tile=256, total_b_pack_elems=111214592
Kernel start!
Prof mode: launch spmm kernel 21 times for stable msprof statistics.

===== Host Wall-Time Breakdown =====
  acl init + handle        : 597.572 ms
  host malloc/init         : 2.777 ms
  read A vector CSR        : 3.284 ms
  read B dense             : 62.027 ms
  read C reference         : 0.000 ms
  analyze sparse metadata  : 0.041 ms
  pack B on host (once)    : 0.000 ms
  debug host alloc/init    : 0.000 ms
  device malloc            : 0.879 ms
  H2D memcpy               : 1.635 ms
  device memset            : 3.468 ms
  kernel loop + sync       : 19.086 ms
  kernel avg per launch    : 0.909 ms (21 launches)
  D2H C memcpy             : 0.000 ms
  D2H debug memcpy         : 0.000 ms
  debug dump printing      : 0.000 ms
  verification             : 0.000 ms
  debug summary printing   : 0.000 ms
  cleanup                  : 1306.157 ms
  total inside main        : 1996.978 ms
====================================

Kernel end!
[INFO] Start export data in PROF_000001_20260621160926639_QROHBFRODIPDFDAB.
Sun 21 Jun 2026 16:09:29 [INFO] [MSVP] [714833] msprof_common.py: Start analyzing data in "/root/LHX/Magicore-final260620/ascblas/shell/prof_n_regular_single/nreg_m4096_n4097_k4096_s95_d16/PROF_000001_20260621160926639_QROHBFRODIPDFDAB/host" ...
Sun 21 Jun 2026 16:09:29 [INFO] [MSVP] [714833] msprof_common.py: It may take few minutes, please be patient ...
Sun 21 Jun 2026 16:09:30 [INFO] [MSVP] [714833] msprof_common.py: Analysis data in "/root/LHX/Magicore-final260620/ascblas/shell/prof_n_regular_single/nreg_m4096_n4097_k4096_s95_d16/PROF_000001_20260621160926639_QROHBFRODIPDFDAB/host" finished.
Sun 21 Jun 2026 16:09:30 [INFO] [MSVP] [714833] msprof_common.py: Start analyzing data in "/root/LHX/Magicore-final260620/ascblas/shell/prof_n_regular_single/nreg_m4096_n4097_k4096_s95_d16/PROF_000001_20260621160926639_QROHBFRODIPDFDAB/device_0" ...
Sun 21 Jun 2026 16:09:30 [INFO] [MSVP] [714833] msprof_common.py: It may take few minutes, please be patient ...
Sun 21 Jun 2026 16:09:30 [INFO] [MSVP] [714833] msprof_common.py: Analysis data in "/root/LHX/Magicore-final260620/ascblas/shell/prof_n_regular_single/nreg_m4096_n4097_k4096_s95_d16/PROF_000001_20260621160926639_QROHBFRODIPDFDAB/device_0" finished.
Sun 21 Jun 2026 16:09:30 [INFO] [MSVP] [714833] msprof_export.py: All collected data will be exported, path is: /root/LHX/Magicore-final260620/ascblas/shell/prof_n_regular_single/nreg_m4096_n4097_k4096_s95_d16/PROF_000001_20260621160926639_QROHBFRODIPDFDAB/device_0.
Sun 21 Jun 2026 16:09:30 [INFO] [MSVP] [714833] msprof_export.py: There is no timeline data to export for "/root/LHX/Magicore-final260620/ascblas/shell/prof_n_regular_single/nreg_m4096_n4097_k4096_s95_d16/PROF_000001_20260621160926639_QROHBFRODIPDFDAB/host"
Sun 21 Jun 2026 16:09:30 [INFO] [MSVP] [714998] msprof_export.py: The data in "/root/LHX/Magicore-final260620/ascblas/shell/prof_n_regular_single/nreg_m4096_n4097_k4096_s95_d16/PROF_000001_20260621160926639_QROHBFRODIPDFDAB/host" has been analyzed. Parsing phase will be skipped.
Sun 21 Jun 2026 16:09:30 [INFO] [MSVP] [714998] msprof_export.py: The data in "/root/LHX/Magicore-final260620/ascblas/shell/prof_n_regular_single/nreg_m4096_n4097_k4096_s95_d16/PROF_000001_20260621160926639_QROHBFRODIPDFDAB/device_0" has been analyzed. Parsing phase will be skipped.
Sun 21 Jun 2026 16:09:30 [INFO] [MSVP] [714998] msprof_export.py: All collected data will be exported, path is: /root/LHX/Magicore-final260620/ascblas/shell/prof_n_regular_single/nreg_m4096_n4097_k4096_s95_d16/PROF_000001_20260621160926639_QROHBFRODIPDFDAB/device_0.
Sun 21 Jun 2026 16:09:31 [INFO] [MSVP] [714998] msprof_export.py: There is no summary data to export for "/root/LHX/Magicore-final260620/ascblas/shell/prof_n_regular_single/nreg_m4096_n4097_k4096_s95_d16/PROF_000001_20260621160926639_QROHBFRODIPDFDAB/host"
Sun 21 Jun 2026 16:09:31 [INFO] [MSVP] [714998] msprof_export.py: All collected data will be exported, path is: /root/LHX/Magicore-final260620/ascblas/shell/prof_n_regular_single/nreg_m4096_n4097_k4096_s95_d16/PROF_000001_20260621160926639_QROHBFRODIPDFDAB/device_0.
Sun 21 Jun 2026 16:09:31 [INFO] [MSVP] [714998] msprof_common.py: Start exporting summary output_file.
Sun 21 Jun 2026 16:09:31 [INFO] [MSVP] [714998] msprof_common.py: End exporting summary output_file.The file is stored in the /root/LHX/Magicore-final260620/ascblas/shell/prof_n_regular_single/nreg_m4096_n4097_k4096_s95_d16/PROF_000001_20260621160926639_QROHBFRODIPDFDAB/mindstudio_profiler_output path.
[INFO] Export all data in PROF_000001_20260621160926639_QROHBFRODIPDFDAB done.
[INFO] Start query data in PROF_000001_20260621160926639_QROHBFRODIPDFDAB.
Job Info	Device ID	Dir Name	Collection Time           	Model ID	Iteration Number	Top Time Iteration	Rank ID	

NA      	         	host    	2026-06-21 16:09:26.641820	N/A     	N/A             	N/A               	-1     	

NA      	0        	device_0	2026-06-21 16:09:27.208113	N/A     	N/A             	N/A               	-1     	

[INFO] Query all data in PROF_000001_20260621160926639_QROHBFRODIPDFDAB done.
[INFO] Profiling finished.
[INFO] Process profiling data complete. Data is saved in /root/LHX/Magicore-final260620/ascblas/shell/prof_n_regular_single/nreg_m4096_n4097_k4096_s95_d16/PROF_000001_20260621160926639_QROHBFRODIPDFDAB
