[WARNING] msprof is running as root. For security reasons, use a regular user account instead.
[INFO] Start profiling...
✅ 成功读取二进制文件: ../../data/vector_csr/A_data.bin (元素数: 838848)
✅ 成功读取二进制文件: ../../data/vector_csr/A_cols.bin (元素数: 52428)
✅ 成功读取二进制文件: ../../data/vector_csr/A_indptr.bin (元素数: 257)

>>> A矩阵vector-CSR格式信息:
向量块数量: 52428  向量维度d: 16
行块数: 256  行指针长度: 257
>>> 前16个元素（float）:
0.4891 2.2122 -1.5565 -0.4257 0.1099 -0.4889 0.9501 -0.4563 
-1.8858 0.4427 -0.8328 0.0996 -0.0344 1.5685 -0.1346 -0.8522 

✅ 成功读取二进制文件: ../../data/B_dense.bin (元素数: 16252928)
>>> 前16个元素（__fp16）:
-0.2639 -0.4922 -0.1995 0.9971 0.6787 -0.8120 1.4229 -0.1871 
-0.3145 -2.6270 -2.2773 -0.8574 -0.0792 -1.3057 0.0426 1.3252 

B-pack workspace: double-buffered ring, slots=2, n_batch=64, aic_n_batch=8, sparse_k_tile=256, total_b_pack_elems=111509504
Kernel start!
Prof mode: launch spmm kernel 21 times for stable msprof statistics.

===== Host Wall-Time Breakdown =====
  acl init + handle        : 604.285 ms
  host malloc/init         : 2.550 ms
  read A vector CSR        : 3.409 ms
  read B dense             : 50.926 ms
  read C reference         : 0.000 ms
  analyze sparse metadata  : 0.025 ms
  pack B on host (once)    : 0.000 ms
  debug host alloc/init    : 0.000 ms
  device malloc            : 0.458 ms
  H2D memcpy               : 1.657 ms
  device memset            : 3.235 ms
  kernel loop + sync       : 18.359 ms
  kernel avg per launch    : 0.874 ms (21 launches)
  D2H C memcpy             : 0.000 ms
  D2H debug memcpy         : 0.000 ms
  debug dump printing      : 0.000 ms
  verification             : 0.000 ms
  debug summary printing   : 0.000 ms
  cleanup                  : 968.826 ms
  total inside main        : 1653.759 ms
====================================

Kernel end!
[INFO] Start export data in PROF_000001_20260621160831952_PHIIBNOMLOJQCRNA.
Sun 21 Jun 2026 16:08:35 [INFO] [MSVP] [709591] msprof_common.py: Start analyzing data in "/root/LHX/Magicore-final260620/ascblas/shell/prof_n_regular_single/nreg_m4096_n3968_k4096_s95_d16/PROF_000001_20260621160831952_PHIIBNOMLOJQCRNA/host" ...
Sun 21 Jun 2026 16:08:35 [INFO] [MSVP] [709591] msprof_common.py: It may take few minutes, please be patient ...
Sun 21 Jun 2026 16:08:35 [INFO] [MSVP] [709591] msprof_common.py: Analysis data in "/root/LHX/Magicore-final260620/ascblas/shell/prof_n_regular_single/nreg_m4096_n3968_k4096_s95_d16/PROF_000001_20260621160831952_PHIIBNOMLOJQCRNA/host" finished.
Sun 21 Jun 2026 16:08:35 [INFO] [MSVP] [709591] msprof_common.py: Start analyzing data in "/root/LHX/Magicore-final260620/ascblas/shell/prof_n_regular_single/nreg_m4096_n3968_k4096_s95_d16/PROF_000001_20260621160831952_PHIIBNOMLOJQCRNA/device_0" ...
Sun 21 Jun 2026 16:08:35 [INFO] [MSVP] [709591] msprof_common.py: It may take few minutes, please be patient ...
Sun 21 Jun 2026 16:08:35 [INFO] [MSVP] [709591] msprof_common.py: Analysis data in "/root/LHX/Magicore-final260620/ascblas/shell/prof_n_regular_single/nreg_m4096_n3968_k4096_s95_d16/PROF_000001_20260621160831952_PHIIBNOMLOJQCRNA/device_0" finished.
Sun 21 Jun 2026 16:08:35 [INFO] [MSVP] [709591] msprof_export.py: All collected data will be exported, path is: /root/LHX/Magicore-final260620/ascblas/shell/prof_n_regular_single/nreg_m4096_n3968_k4096_s95_d16/PROF_000001_20260621160831952_PHIIBNOMLOJQCRNA/device_0.
Sun 21 Jun 2026 16:08:35 [INFO] [MSVP] [709591] msprof_export.py: There is no timeline data to export for "/root/LHX/Magicore-final260620/ascblas/shell/prof_n_regular_single/nreg_m4096_n3968_k4096_s95_d16/PROF_000001_20260621160831952_PHIIBNOMLOJQCRNA/host"
Sun 21 Jun 2026 16:08:36 [INFO] [MSVP] [709756] msprof_export.py: The data in "/root/LHX/Magicore-final260620/ascblas/shell/prof_n_regular_single/nreg_m4096_n3968_k4096_s95_d16/PROF_000001_20260621160831952_PHIIBNOMLOJQCRNA/host" has been analyzed. Parsing phase will be skipped.
Sun 21 Jun 2026 16:08:36 [INFO] [MSVP] [709756] msprof_export.py: The data in "/root/LHX/Magicore-final260620/ascblas/shell/prof_n_regular_single/nreg_m4096_n3968_k4096_s95_d16/PROF_000001_20260621160831952_PHIIBNOMLOJQCRNA/device_0" has been analyzed. Parsing phase will be skipped.
Sun 21 Jun 2026 16:08:36 [INFO] [MSVP] [709756] msprof_export.py: All collected data will be exported, path is: /root/LHX/Magicore-final260620/ascblas/shell/prof_n_regular_single/nreg_m4096_n3968_k4096_s95_d16/PROF_000001_20260621160831952_PHIIBNOMLOJQCRNA/device_0.
Sun 21 Jun 2026 16:08:36 [INFO] [MSVP] [709756] msprof_export.py: There is no summary data to export for "/root/LHX/Magicore-final260620/ascblas/shell/prof_n_regular_single/nreg_m4096_n3968_k4096_s95_d16/PROF_000001_20260621160831952_PHIIBNOMLOJQCRNA/host"
Sun 21 Jun 2026 16:08:36 [INFO] [MSVP] [709756] msprof_export.py: All collected data will be exported, path is: /root/LHX/Magicore-final260620/ascblas/shell/prof_n_regular_single/nreg_m4096_n3968_k4096_s95_d16/PROF_000001_20260621160831952_PHIIBNOMLOJQCRNA/device_0.
Sun 21 Jun 2026 16:08:36 [INFO] [MSVP] [709756] msprof_common.py: Start exporting summary output_file.
Sun 21 Jun 2026 16:08:36 [INFO] [MSVP] [709756] msprof_common.py: End exporting summary output_file.The file is stored in the /root/LHX/Magicore-final260620/ascblas/shell/prof_n_regular_single/nreg_m4096_n3968_k4096_s95_d16/PROF_000001_20260621160831952_PHIIBNOMLOJQCRNA/mindstudio_profiler_output path.
[INFO] Export all data in PROF_000001_20260621160831952_PHIIBNOMLOJQCRNA done.
[INFO] Start query data in PROF_000001_20260621160831952_PHIIBNOMLOJQCRNA.
Job Info	Device ID	Dir Name	Collection Time           	Model ID	Iteration Number	Top Time Iteration	Rank ID	

NA      	         	host    	2026-06-21 16:08:31.955253	N/A     	N/A             	N/A               	-1     	

NA      	0        	device_0	2026-06-21 16:08:32.527799	N/A     	N/A             	N/A               	-1     	

[INFO] Query all data in PROF_000001_20260621160831952_PHIIBNOMLOJQCRNA done.
[INFO] Profiling finished.
[INFO] Process profiling data complete. Data is saved in /root/LHX/Magicore-final260620/ascblas/shell/prof_n_regular_single/nreg_m4096_n3968_k4096_s95_d16/PROF_000001_20260621160831952_PHIIBNOMLOJQCRNA
