[WARNING] msprof is running as root. For security reasons, use a regular user account instead.
[INFO] Start profiling...
✅ 成功读取二进制文件: ../../data/vector_csr/A_data.bin (元素数: 838848)
✅ 成功读取二进制文件: ../../data/vector_csr/A_cols.bin (元素数: 52428)
✅ 成功读取二进制文件: ../../data/vector_csr/A_indptr.bin (元素数: 257)

>>> A矩阵vector-CSR格式信息:
向量块数量: 52428  向量维度d: 16
行块数: 256  行指针长度: 257
>>> 前16个元素（float）:
-1.7567 0.1855 -1.9353 0.4345 1.4375 -0.8409 -0.1349 0.0562 
1.2960 -0.2149 0.7930 -0.1343 0.5407 1.8889 0.1652 -0.6051 

✅ 成功读取二进制文件: ../../data/B_dense.bin (元素数: 4194304)
>>> 前16个元素（__fp16）:
-0.1700 -0.4514 -0.7690 -1.1729 1.4229 1.5098 -0.0627 0.2354 
0.0952 -0.2544 0.6055 0.6479 -0.8433 -0.0746 0.6636 0.2529 

B-pack workspace: double-buffered ring, slots=2, n_batch=64, aic_n_batch=8, sparse_k_tile=256, total_b_pack_elems=111083520
Kernel start!
Prof mode: launch spmm kernel 21 times for stable msprof statistics.

===== Host Wall-Time Breakdown =====
  acl init + handle        : 602.425 ms
  host malloc/init         : 0.689 ms
  read A vector CSR        : 3.993 ms
  read B dense             : 14.511 ms
  read C reference         : 0.000 ms
  analyze sparse metadata  : 0.023 ms
  pack B on host (once)    : 0.000 ms
  debug host alloc/init    : 0.000 ms
  device malloc            : 0.416 ms
  H2D memcpy               : 0.617 ms
  device memset            : 0.876 ms
  kernel loop + sync       : 8.764 ms
  kernel avg per launch    : 0.417 ms (21 launches)
  D2H C memcpy             : 0.000 ms
  D2H debug memcpy         : 0.000 ms
  debug dump printing      : 0.000 ms
  verification             : 0.000 ms
  debug summary printing   : 0.000 ms
  cleanup                  : 330.626 ms
  total inside main        : 962.960 ms
====================================

Kernel end!
[INFO] Start export data in PROF_000001_20260621160736610_QIPOOEDDRNGCGQLA.
Sun 21 Jun 2026 16:07:38 [INFO] [MSVP] [704106] msprof_common.py: Start analyzing data in "/root/LHX/Magicore-final260620/ascblas/shell/prof_n_regular_single/nreg_m4096_n1024_k4096_s95_d16/PROF_000001_20260621160736610_QIPOOEDDRNGCGQLA/host" ...
Sun 21 Jun 2026 16:07:38 [INFO] [MSVP] [704106] msprof_common.py: It may take few minutes, please be patient ...
Sun 21 Jun 2026 16:07:39 [INFO] [MSVP] [704106] msprof_common.py: Analysis data in "/root/LHX/Magicore-final260620/ascblas/shell/prof_n_regular_single/nreg_m4096_n1024_k4096_s95_d16/PROF_000001_20260621160736610_QIPOOEDDRNGCGQLA/host" finished.
Sun 21 Jun 2026 16:07:39 [INFO] [MSVP] [704106] msprof_common.py: Start analyzing data in "/root/LHX/Magicore-final260620/ascblas/shell/prof_n_regular_single/nreg_m4096_n1024_k4096_s95_d16/PROF_000001_20260621160736610_QIPOOEDDRNGCGQLA/device_0" ...
Sun 21 Jun 2026 16:07:39 [INFO] [MSVP] [704106] msprof_common.py: It may take few minutes, please be patient ...
Sun 21 Jun 2026 16:07:39 [INFO] [MSVP] [704106] msprof_common.py: Analysis data in "/root/LHX/Magicore-final260620/ascblas/shell/prof_n_regular_single/nreg_m4096_n1024_k4096_s95_d16/PROF_000001_20260621160736610_QIPOOEDDRNGCGQLA/device_0" finished.
Sun 21 Jun 2026 16:07:39 [INFO] [MSVP] [704106] msprof_export.py: All collected data will be exported, path is: /root/LHX/Magicore-final260620/ascblas/shell/prof_n_regular_single/nreg_m4096_n1024_k4096_s95_d16/PROF_000001_20260621160736610_QIPOOEDDRNGCGQLA/device_0.
Sun 21 Jun 2026 16:07:39 [INFO] [MSVP] [704106] msprof_export.py: There is no timeline data to export for "/root/LHX/Magicore-final260620/ascblas/shell/prof_n_regular_single/nreg_m4096_n1024_k4096_s95_d16/PROF_000001_20260621160736610_QIPOOEDDRNGCGQLA/host"
Sun 21 Jun 2026 16:07:39 [INFO] [MSVP] [704271] msprof_export.py: The data in "/root/LHX/Magicore-final260620/ascblas/shell/prof_n_regular_single/nreg_m4096_n1024_k4096_s95_d16/PROF_000001_20260621160736610_QIPOOEDDRNGCGQLA/host" has been analyzed. Parsing phase will be skipped.
Sun 21 Jun 2026 16:07:39 [INFO] [MSVP] [704271] msprof_export.py: The data in "/root/LHX/Magicore-final260620/ascblas/shell/prof_n_regular_single/nreg_m4096_n1024_k4096_s95_d16/PROF_000001_20260621160736610_QIPOOEDDRNGCGQLA/device_0" has been analyzed. Parsing phase will be skipped.
Sun 21 Jun 2026 16:07:39 [INFO] [MSVP] [704271] msprof_export.py: All collected data will be exported, path is: /root/LHX/Magicore-final260620/ascblas/shell/prof_n_regular_single/nreg_m4096_n1024_k4096_s95_d16/PROF_000001_20260621160736610_QIPOOEDDRNGCGQLA/device_0.
Sun 21 Jun 2026 16:07:39 [INFO] [MSVP] [704271] msprof_export.py: There is no summary data to export for "/root/LHX/Magicore-final260620/ascblas/shell/prof_n_regular_single/nreg_m4096_n1024_k4096_s95_d16/PROF_000001_20260621160736610_QIPOOEDDRNGCGQLA/host"
Sun 21 Jun 2026 16:07:40 [INFO] [MSVP] [704271] msprof_export.py: All collected data will be exported, path is: /root/LHX/Magicore-final260620/ascblas/shell/prof_n_regular_single/nreg_m4096_n1024_k4096_s95_d16/PROF_000001_20260621160736610_QIPOOEDDRNGCGQLA/device_0.
Sun 21 Jun 2026 16:07:40 [INFO] [MSVP] [704271] msprof_common.py: Start exporting summary output_file.
Sun 21 Jun 2026 16:07:40 [INFO] [MSVP] [704271] msprof_common.py: End exporting summary output_file.The file is stored in the /root/LHX/Magicore-final260620/ascblas/shell/prof_n_regular_single/nreg_m4096_n1024_k4096_s95_d16/PROF_000001_20260621160736610_QIPOOEDDRNGCGQLA/mindstudio_profiler_output path.
[INFO] Export all data in PROF_000001_20260621160736610_QIPOOEDDRNGCGQLA done.
[INFO] Start query data in PROF_000001_20260621160736610_QIPOOEDDRNGCGQLA.
Job Info	Device ID	Dir Name	Collection Time           	Model ID	Iteration Number	Top Time Iteration	Rank ID	

NA      	         	host    	2026-06-21 16:07:36.613063	N/A     	N/A             	N/A               	-1     	

NA      	0        	device_0	2026-06-21 16:07:37.184284	N/A     	N/A             	N/A               	-1     	

[INFO] Query all data in PROF_000001_20260621160736610_QIPOOEDDRNGCGQLA done.
[INFO] Profiling finished.
[INFO] Process profiling data complete. Data is saved in /root/LHX/Magicore-final260620/ascblas/shell/prof_n_regular_single/nreg_m4096_n1024_k4096_s95_d16/PROF_000001_20260621160736610_QIPOOEDDRNGCGQLA
