[WARNING] msprof is running as root. For security reasons, use a regular user account instead.
[INFO] Start profiling...
✅ 成功读取二进制文件: ../../data/vector_csr/A_data.bin (元素数: 838848)
✅ 成功读取二进制文件: ../../data/vector_csr/A_cols.bin (元素数: 52428)
✅ 成功读取二进制文件: ../../data/vector_csr/A_indptr.bin (元素数: 257)

>>> A矩阵vector-CSR格式信息:
向量块数量: 52428  向量维度d: 16
行块数: 256  行指针长度: 257
>>> 前16个元素（float）:
0.3495 -0.7300 -0.0060 -0.6494 0.7297 -0.2441 -0.4738 0.0381 
-1.6634 -0.7400 0.2742 0.9136 1.0083 0.6460 0.4595 -1.6390 

✅ 成功读取二进制文件: ../../data/B_dense.bin (元素数: 12582912)
>>> 前16个元素（__fp16）:
1.3506 -1.0469 -1.9590 -0.1580 0.7192 0.2106 0.9004 -0.2852 
-0.0565 0.4424 -0.1165 -0.5581 0.9775 0.0006 0.4968 0.6113 

B-pack workspace: double-buffered ring, slots=2, n_batch=64, aic_n_batch=8, sparse_k_tile=256, total_b_pack_elems=111476736
Kernel start!
Prof mode: launch spmm kernel 21 times for stable msprof statistics.

===== Host Wall-Time Breakdown =====
  acl init + handle        : 611.545 ms
  host malloc/init         : 2.008 ms
  read A vector CSR        : 3.798 ms
  read B dense             : 39.689 ms
  read C reference         : 0.000 ms
  analyze sparse metadata  : 0.024 ms
  pack B on host (once)    : 0.000 ms
  debug host alloc/init    : 0.000 ms
  device malloc            : 0.441 ms
  H2D memcpy               : 1.347 ms
  device memset            : 2.536 ms
  kernel loop + sync       : 15.278 ms
  kernel avg per launch    : 0.728 ms (21 launches)
  D2H C memcpy             : 0.000 ms
  D2H debug memcpy         : 0.000 ms
  debug dump printing      : 0.000 ms
  verification             : 0.000 ms
  debug summary printing   : 0.000 ms
  cleanup                  : 1136.113 ms
  total inside main        : 1812.806 ms
====================================

Kernel end!
[INFO] Start export data in PROF_000001_20260621160812762_QGLILDENMNIBHBRA.
Sun 21 Jun 2026 16:08:16 [INFO] [MSVP] [708420] msprof_common.py: Start analyzing data in "/root/LHX/Magicore-final260620/ascblas/shell/prof_n_regular_single/nreg_m4096_n3072_k4096_s95_d16/PROF_000001_20260621160812762_QGLILDENMNIBHBRA/host" ...
Sun 21 Jun 2026 16:08:16 [INFO] [MSVP] [708420] msprof_common.py: It may take few minutes, please be patient ...
Sun 21 Jun 2026 16:08:16 [INFO] [MSVP] [708420] msprof_common.py: Analysis data in "/root/LHX/Magicore-final260620/ascblas/shell/prof_n_regular_single/nreg_m4096_n3072_k4096_s95_d16/PROF_000001_20260621160812762_QGLILDENMNIBHBRA/host" finished.
Sun 21 Jun 2026 16:08:16 [INFO] [MSVP] [708420] msprof_common.py: Start analyzing data in "/root/LHX/Magicore-final260620/ascblas/shell/prof_n_regular_single/nreg_m4096_n3072_k4096_s95_d16/PROF_000001_20260621160812762_QGLILDENMNIBHBRA/device_0" ...
Sun 21 Jun 2026 16:08:16 [INFO] [MSVP] [708420] msprof_common.py: It may take few minutes, please be patient ...
Sun 21 Jun 2026 16:08:16 [INFO] [MSVP] [708420] msprof_common.py: Analysis data in "/root/LHX/Magicore-final260620/ascblas/shell/prof_n_regular_single/nreg_m4096_n3072_k4096_s95_d16/PROF_000001_20260621160812762_QGLILDENMNIBHBRA/device_0" finished.
Sun 21 Jun 2026 16:08:16 [INFO] [MSVP] [708420] msprof_export.py: All collected data will be exported, path is: /root/LHX/Magicore-final260620/ascblas/shell/prof_n_regular_single/nreg_m4096_n3072_k4096_s95_d16/PROF_000001_20260621160812762_QGLILDENMNIBHBRA/device_0.
Sun 21 Jun 2026 16:08:16 [INFO] [MSVP] [708420] msprof_export.py: There is no timeline data to export for "/root/LHX/Magicore-final260620/ascblas/shell/prof_n_regular_single/nreg_m4096_n3072_k4096_s95_d16/PROF_000001_20260621160812762_QGLILDENMNIBHBRA/host"
Sun 21 Jun 2026 16:08:17 [INFO] [MSVP] [708598] msprof_export.py: The data in "/root/LHX/Magicore-final260620/ascblas/shell/prof_n_regular_single/nreg_m4096_n3072_k4096_s95_d16/PROF_000001_20260621160812762_QGLILDENMNIBHBRA/host" has been analyzed. Parsing phase will be skipped.
Sun 21 Jun 2026 16:08:17 [INFO] [MSVP] [708598] msprof_export.py: The data in "/root/LHX/Magicore-final260620/ascblas/shell/prof_n_regular_single/nreg_m4096_n3072_k4096_s95_d16/PROF_000001_20260621160812762_QGLILDENMNIBHBRA/device_0" has been analyzed. Parsing phase will be skipped.
Sun 21 Jun 2026 16:08:17 [INFO] [MSVP] [708598] msprof_export.py: All collected data will be exported, path is: /root/LHX/Magicore-final260620/ascblas/shell/prof_n_regular_single/nreg_m4096_n3072_k4096_s95_d16/PROF_000001_20260621160812762_QGLILDENMNIBHBRA/device_0.
Sun 21 Jun 2026 16:08:17 [INFO] [MSVP] [708598] msprof_export.py: There is no summary data to export for "/root/LHX/Magicore-final260620/ascblas/shell/prof_n_regular_single/nreg_m4096_n3072_k4096_s95_d16/PROF_000001_20260621160812762_QGLILDENMNIBHBRA/host"
Sun 21 Jun 2026 16:08:17 [INFO] [MSVP] [708598] msprof_export.py: All collected data will be exported, path is: /root/LHX/Magicore-final260620/ascblas/shell/prof_n_regular_single/nreg_m4096_n3072_k4096_s95_d16/PROF_000001_20260621160812762_QGLILDENMNIBHBRA/device_0.
Sun 21 Jun 2026 16:08:17 [INFO] [MSVP] [708598] msprof_common.py: Start exporting summary output_file.
Sun 21 Jun 2026 16:08:17 [INFO] [MSVP] [708598] msprof_common.py: End exporting summary output_file.The file is stored in the /root/LHX/Magicore-final260620/ascblas/shell/prof_n_regular_single/nreg_m4096_n3072_k4096_s95_d16/PROF_000001_20260621160812762_QGLILDENMNIBHBRA/mindstudio_profiler_output path.
[INFO] Export all data in PROF_000001_20260621160812762_QGLILDENMNIBHBRA done.
[INFO] Start query data in PROF_000001_20260621160812762_QGLILDENMNIBHBRA.
Job Info	Device ID	Dir Name	Collection Time           	Model ID	Iteration Number	Top Time Iteration	Rank ID	

NA      	         	host    	2026-06-21 16:08:12.764981	N/A     	N/A             	N/A               	-1     	

NA      	0        	device_0	2026-06-21 16:08:13.345844	N/A     	N/A             	N/A               	-1     	

[INFO] Query all data in PROF_000001_20260621160812762_QGLILDENMNIBHBRA done.
[INFO] Profiling finished.
[INFO] Process profiling data complete. Data is saved in /root/LHX/Magicore-final260620/ascblas/shell/prof_n_regular_single/nreg_m4096_n3072_k4096_s95_d16/PROF_000001_20260621160812762_QGLILDENMNIBHBRA
