[WARNING] msprof is running as root. For security reasons, use a regular user account instead.
[INFO] Start profiling...
Host-side N padding enabled: N_original=4081, N_kernel=4096 (pad 15 columns, granularity=128)
✅ 成功读取二进制文件: ../../data/vector_csr/A_data.bin (元素数: 838848)
✅ 成功读取二进制文件: ../../data/vector_csr/A_cols.bin (元素数: 52428)
✅ 成功读取二进制文件: ../../data/vector_csr/A_indptr.bin (元素数: 257)

>>> A矩阵vector-CSR格式信息:
向量块数量: 52428  向量维度d: 16
行块数: 256  行指针长度: 257
>>> 前16个元素（float）:
-1.0214 0.1693 0.0003 0.1487 -0.8467 -0.1465 -2.8272 1.0087 
1.0222 0.6420 -1.4288 -0.5845 0.1341 0.4880 -0.0897 2.1765 

✅ 成功读取二进制文件: ../../data/B_dense.bin (元素数: 16715776)
>>> 前16个元素（__fp16）:
-0.9653 -0.5454 0.5562 2.7832 1.2969 0.6963 0.1019 1.2119 
-0.7427 1.2246 -0.3887 0.7485 -0.7373 0.5083 1.2471 1.1357 

B-pack workspace: double-buffered ring, slots=2, n_batch=64, aic_n_batch=8, sparse_k_tile=256, total_b_pack_elems=111247360
Kernel start!
Prof mode: launch spmm kernel 21 times for stable msprof statistics.

===== Host Wall-Time Breakdown =====
  acl init + handle        : 601.370 ms
  host malloc/init         : 2.654 ms
  read A vector CSR        : 3.676 ms
  read B dense             : 64.828 ms
  read C reference         : 0.000 ms
  analyze sparse metadata  : 0.047 ms
  pack B on host (once)    : 0.000 ms
  debug host alloc/init    : 0.000 ms
  device malloc            : 0.420 ms
  H2D memcpy               : 1.667 ms
  device memset            : 3.343 ms
  kernel loop + sync       : 18.652 ms
  kernel avg per launch    : 0.888 ms (21 launches)
  D2H C memcpy             : 0.000 ms
  D2H debug memcpy         : 0.000 ms
  debug dump printing      : 0.000 ms
  verification             : 0.000 ms
  debug summary printing   : 0.000 ms
  cleanup                  : 1342.098 ms
  total inside main        : 2038.818 ms
====================================

Kernel end!
[INFO] Start export data in PROF_000001_20260621160856571_NFINFGKNBLPNCGMB.
Sun 21 Jun 2026 16:08:59 [INFO] [MSVP] [711007] msprof_common.py: Start analyzing data in "/root/LHX/Magicore-final260620/ascblas/shell/prof_n_regular_single/nreg_m4096_n4081_k4096_s95_d16/PROF_000001_20260621160856571_NFINFGKNBLPNCGMB/host" ...
Sun 21 Jun 2026 16:08:59 [INFO] [MSVP] [711007] msprof_common.py: It may take few minutes, please be patient ...
Sun 21 Jun 2026 16:08:59 [INFO] [MSVP] [711007] msprof_common.py: Analysis data in "/root/LHX/Magicore-final260620/ascblas/shell/prof_n_regular_single/nreg_m4096_n4081_k4096_s95_d16/PROF_000001_20260621160856571_NFINFGKNBLPNCGMB/host" finished.
Sun 21 Jun 2026 16:08:59 [INFO] [MSVP] [711007] msprof_common.py: Start analyzing data in "/root/LHX/Magicore-final260620/ascblas/shell/prof_n_regular_single/nreg_m4096_n4081_k4096_s95_d16/PROF_000001_20260621160856571_NFINFGKNBLPNCGMB/device_0" ...
Sun 21 Jun 2026 16:08:59 [INFO] [MSVP] [711007] msprof_common.py: It may take few minutes, please be patient ...
Sun 21 Jun 2026 16:09:00 [INFO] [MSVP] [711007] msprof_common.py: Analysis data in "/root/LHX/Magicore-final260620/ascblas/shell/prof_n_regular_single/nreg_m4096_n4081_k4096_s95_d16/PROF_000001_20260621160856571_NFINFGKNBLPNCGMB/device_0" finished.
Sun 21 Jun 2026 16:09:00 [INFO] [MSVP] [711007] msprof_export.py: All collected data will be exported, path is: /root/LHX/Magicore-final260620/ascblas/shell/prof_n_regular_single/nreg_m4096_n4081_k4096_s95_d16/PROF_000001_20260621160856571_NFINFGKNBLPNCGMB/device_0.
Sun 21 Jun 2026 16:09:00 [INFO] [MSVP] [711007] msprof_export.py: There is no timeline data to export for "/root/LHX/Magicore-final260620/ascblas/shell/prof_n_regular_single/nreg_m4096_n4081_k4096_s95_d16/PROF_000001_20260621160856571_NFINFGKNBLPNCGMB/host"
Sun 21 Jun 2026 16:09:00 [INFO] [MSVP] [711172] msprof_export.py: The data in "/root/LHX/Magicore-final260620/ascblas/shell/prof_n_regular_single/nreg_m4096_n4081_k4096_s95_d16/PROF_000001_20260621160856571_NFINFGKNBLPNCGMB/host" has been analyzed. Parsing phase will be skipped.
Sun 21 Jun 2026 16:09:00 [INFO] [MSVP] [711172] msprof_export.py: The data in "/root/LHX/Magicore-final260620/ascblas/shell/prof_n_regular_single/nreg_m4096_n4081_k4096_s95_d16/PROF_000001_20260621160856571_NFINFGKNBLPNCGMB/device_0" has been analyzed. Parsing phase will be skipped.
Sun 21 Jun 2026 16:09:00 [INFO] [MSVP] [711172] msprof_export.py: All collected data will be exported, path is: /root/LHX/Magicore-final260620/ascblas/shell/prof_n_regular_single/nreg_m4096_n4081_k4096_s95_d16/PROF_000001_20260621160856571_NFINFGKNBLPNCGMB/device_0.
Sun 21 Jun 2026 16:09:00 [INFO] [MSVP] [711172] msprof_export.py: There is no summary data to export for "/root/LHX/Magicore-final260620/ascblas/shell/prof_n_regular_single/nreg_m4096_n4081_k4096_s95_d16/PROF_000001_20260621160856571_NFINFGKNBLPNCGMB/host"
Sun 21 Jun 2026 16:09:00 [INFO] [MSVP] [711172] msprof_export.py: All collected data will be exported, path is: /root/LHX/Magicore-final260620/ascblas/shell/prof_n_regular_single/nreg_m4096_n4081_k4096_s95_d16/PROF_000001_20260621160856571_NFINFGKNBLPNCGMB/device_0.
Sun 21 Jun 2026 16:09:01 [INFO] [MSVP] [711172] msprof_common.py: Start exporting summary output_file.
Sun 21 Jun 2026 16:09:01 [INFO] [MSVP] [711172] msprof_common.py: End exporting summary output_file.The file is stored in the /root/LHX/Magicore-final260620/ascblas/shell/prof_n_regular_single/nreg_m4096_n4081_k4096_s95_d16/PROF_000001_20260621160856571_NFINFGKNBLPNCGMB/mindstudio_profiler_output path.
[INFO] Export all data in PROF_000001_20260621160856571_NFINFGKNBLPNCGMB done.
[INFO] Start query data in PROF_000001_20260621160856571_NFINFGKNBLPNCGMB.
Job Info	Device ID	Dir Name	Collection Time           	Model ID	Iteration Number	Top Time Iteration	Rank ID	

NA      	         	host    	2026-06-21 16:08:56.574066	N/A     	N/A             	N/A               	-1     	

NA      	0        	device_0	2026-06-21 16:08:57.144372	N/A     	N/A             	N/A               	-1     	

[INFO] Query all data in PROF_000001_20260621160856571_NFINFGKNBLPNCGMB done.
[INFO] Profiling finished.
[INFO] Process profiling data complete. Data is saved in /root/LHX/Magicore-final260620/ascblas/shell/prof_n_regular_single/nreg_m4096_n4081_k4096_s95_d16/PROF_000001_20260621160856571_NFINFGKNBLPNCGMB
