2026-06-21 16:07:39 [INFO] [704204] [704204] [time_logger.h:28] DeviceContextEntry  start
2026-06-21 16:07:39 [INFO] [704204] [704207] [parser.cpp:51] loop: /root/LHX/Magicore-final260620/ascblas/shell/prof_n_regular_single/nreg_m4096_n1024_k4096_s95_d16/PROF_000001_20260621160736610_QIPOOEDDRNGCGQLA/device_0/data/lpmFreqConv.data.0.slice_0, file size: 888
2026-06-21 16:07:39 [INFO] [704204] [704207] [parser.cpp:54] total size: 888
2026-06-21 16:07:39 [INFO] [704204] [704207] [parser.cpp:159] Parse filePrefix is: lpmFreqConv., the number of files is: 1, and the total size of all files is: 888
2026-06-21 16:07:39 [INFO] [704204] [704209] [parser.cpp:51] loop: /root/LHX/Magicore-final260620/ascblas/shell/prof_n_regular_single/nreg_m4096_n1024_k4096_s95_d16/PROF_000001_20260621160736610_QIPOOEDDRNGCGQLA/device_0/data/ts_track.data.0.slice_0, file size: 80
2026-06-21 16:07:39 [INFO] [704204] [704207] [parser.cpp:87] Data has been read to the memory successfully!
2026-06-21 16:07:39 [INFO] [704204] [704209] [parser.cpp:54] total size: 80
2026-06-21 16:07:39 [INFO] [704204] [704207] [freq_parser.cpp:67] FreqProfileData structCount is : 1
2026-06-21 16:07:39 [INFO] [704204] [704209] [parser.cpp:159] Parse filePrefix is: ts_track., the number of files is: 1, and the total size of all files is: 80
2026-06-21 16:07:39 [INFO] [704204] [704207] [freq_parser.cpp:95] Freq.data parser is completed, begin to save data into dataInventory!
2026-06-21 16:07:39 [INFO] [704204] [704207] [parser.cpp:177] Parser is completed!
2026-06-21 16:07:39 [INFO] [704204] [704209] [parser.cpp:87] Data has been read to the memory successfully!
2026-06-21 16:07:39 [INFO] [704204] [704209] [ts_track_parser.cpp:65] TsTrack structCount: 2
2026-06-21 16:07:39 [INFO] [704204] [704209] [parser.cpp:177] Parser is completed!
2026-06-21 16:07:39 [INFO] [704204] [704208] [db_runner.h:75] Start query data
2026-06-21 16:07:39 [INFO] [704204] [704208] [db_runner.h:86] Query data success: SELECT expand_status from StreamExpandSpec LIMIT 1
2026-06-21 16:07:39 [INFO] [704204] [704205] [process_control.cpp:189] Level[0]Release Data Types: 
2026-06-21 16:07:39 [INFO] [704204] [704211] [step_trace_process.cpp:197] Start to process step trace data
2026-06-21 16:07:39 [INFO] [704204] [704210] [freq_persistence.cpp:46] Start to process /root/LHX/Magicore-final260620/ascblas/shell/prof_n_regular_single/nreg_m4096_n1024_k4096_s95_d16/PROF_000001_20260621160736610_QIPOOEDDRNGCGQLA/device_0/sqlite/freq.db.
2026-06-21 16:07:39 [WARN] [704204] [704211] [step_trace_process.cpp:200] stepData is empty
2026-06-21 16:07:39 [INFO] [704204] [704210] [persistence_utils.h:39] Processor Save FreqParse Data.
2026-06-21 16:07:39 [INFO] [704204] [704210] [db_runner.cpp:49] Start create FreqParse
2026-06-21 16:07:39 [INFO] [704204] [704213] [parser.cpp:51] loop: /root/LHX/Magicore-final260620/ascblas/shell/prof_n_regular_single/nreg_m4096_n1024_k4096_s95_d16/PROF_000001_20260621160736610_QIPOOEDDRNGCGQLA/device_0/data/ffts_profile.data.0.slice_0, file size: 110208
2026-06-21 16:07:39 [INFO] [704204] [704212] [parser.cpp:51] loop: /root/LHX/Magicore-final260620/ascblas/shell/prof_n_regular_single/nreg_m4096_n1024_k4096_s95_d16/PROF_000001_20260621160736610_QIPOOEDDRNGCGQLA/device_0/data/stars_soc.data.0.slice_0, file size: 5760
2026-06-21 16:07:39 [INFO] [704204] [704213] [parser.cpp:54] total size: 110208
2026-06-21 16:07:39 [INFO] [704204] [704212] [parser.cpp:54] total size: 5760
2026-06-21 16:07:39 [INFO] [704204] [704212] [parser.cpp:159] Parse filePrefix is: stars_soc., the number of files is: 1, and the total size of all files is: 5760
2026-06-21 16:07:39 [INFO] [704204] [704213] [parser.cpp:159] Parse filePrefix is: ffts_profile, the number of files is: 1, and the total size of all files is: 110208
2026-06-21 16:07:39 [INFO] [704204] [704212] [parser.cpp:87] Data has been read to the memory successfully!
2026-06-21 16:07:39 [INFO] [704204] [704212] [stars_soc_parser.cpp:77] StarsSoc structCount: 90
2026-06-21 16:07:39 [INFO] [704204] [704213] [parser.cpp:87] Data has been read to the memory successfully!
2026-06-21 16:07:39 [INFO] [704204] [704213] [ffts_profile_parser.cpp:79] FftsProfileData structCount is : 861
2026-06-21 16:07:39 [INFO] [704204] [704212] [parser.cpp:177] Parser is completed!
2026-06-21 16:07:39 [INFO] [704204] [704210] [db_runner.cpp:62] create FreqParse success
2026-06-21 16:07:39 [INFO] [704204] [704210] [db_runner.h:57] Start insert data to FreqParse
2026-06-21 16:07:39 [INFO] [704204] [704210] [db_runner.h:68] insert data to FreqParse success
2026-06-21 16:07:39 [INFO] [704204] [704210] [freq_persistence.cpp:55] Process FreqParse done!
2026-06-21 16:07:39 [INFO] [704204] [704213] [ffts_profile_parser.cpp:93] Ffts_profile.data parser is completed, begin to save data into dataInventory!
2026-06-21 16:07:39 [INFO] [704204] [704213] [parser.cpp:177] Parser is completed!
2026-06-21 16:07:39 [INFO] [704204] [704205] [process_control.cpp:189] Level[1]Release Data Types: N8Analysis6Domain16StreamExpandSpecE 
2026-06-21 16:07:39 [INFO] [704204] [704215] [time_logger.h:28] LogModeling::SplitLogGroups  start
2026-06-21 16:07:39 [INFO] [704204] [704216] [acc_pmu_persistence.cpp:57] Start to process /root/LHX/Magicore-final260620/ascblas/shell/prof_n_regular_single/nreg_m4096_n1024_k4096_s95_d16/PROF_000001_20260621160736610_QIPOOEDDRNGCGQLA/device_0/sqlite/acc_pmu.db.
2026-06-21 16:07:39 [INFO] [704204] [704215] [time_logger.h:35] LogModeling::SplitLogGroups  end, cost time = 0 ms
2026-06-21 16:07:39 [INFO] [704204] [704214] [pmu_modeling.cpp:48] PMU modeling has done!
2026-06-21 16:07:39 [INFO] [704204] [704215] [log_modeling.cpp:152] HalLogData size:90
2026-06-21 16:07:39 [INFO] [704204] [704216] [acc_pmu_persistence.cpp:61] There is no acc pmu data don't need to persistence!
2026-06-21 16:07:39 [INFO] [704204] [704215] [log_modeling.cpp:153] acsqS stream:2, total:24
2026-06-21 16:07:39 [INFO] [704204] [704215] [log_modeling.cpp:154] acsqE stream:2, total:24
2026-06-21 16:07:39 [INFO] [704204] [704215] [log_modeling.cpp:155] fftsS stream:1, total:21
2026-06-21 16:07:39 [INFO] [704204] [704215] [log_modeling.cpp:156] fftsE stream:1, total:21
2026-06-21 16:07:39 [INFO] [704204] [704215] [time_logger.h:28] LogModeling::AddToDeviceTask  start
2026-06-21 16:07:39 [INFO] [704204] [704215] [log_modeling.cpp:224] ACSQ matched count:24
2026-06-21 16:07:39 [INFO] [704204] [704215] [log_modeling.cpp:234] FFTS matched count:21
2026-06-21 16:07:39 [INFO] [704204] [704215] [time_logger.h:35] LogModeling::AddToDeviceTask  end, cost time = 0 ms
2026-06-21 16:07:39 [INFO] [704204] [704205] [process_control.cpp:189] Level[2]Release Data Types: St6vectorIN8Analysis6Domain10HalLogDataESaIS2_EE St6vectorIN8Analysis6Domain12HalTrackDataESaIS2_EE 
2026-06-21 16:07:39 [INFO] [704204] [704217] [db_runner.h:75] Start query data
2026-06-21 16:07:39 [INFO] [704204] [704217] [db_runner.h:86] Query data success: SELECT stream_id, request_id, batch_id, task_id, context_ids, model_id, task_type, connection_id FROM HostTask where device_id = 0
2026-06-21 16:07:39 [INFO] [704204] [704217] [db_runner.h:75] Start query data
2026-06-21 16:07:39 [INFO] [704204] [704217] [db_runner.h:86] Query data success: SELECT stream_id, batch_id, task_id, context_id, block_dim, mix_block_dim FROM TaskInfo where device_id = 0
2026-06-21 16:07:39 [INFO] [704204] [704217] [load_host_data.cpp:101] Read host geinfo 0 not in table.
2026-06-21 16:07:39 [WARN] [704204] [704217] [load_host_data.cpp:52] There is no /root/LHX/Magicore-final260620/ascblas/shell/prof_n_regular_single/nreg_m4096_n1024_k4096_s95_d16/PROF_000001_20260621160736610_QIPOOEDDRNGCGQLA/device_0/..///host//sqlite/hccl.db
2026-06-21 16:07:39 [WARN] [704204] [704217] [load_host_data.cpp:52] There is no /root/LHX/Magicore-final260620/ascblas/shell/prof_n_regular_single/nreg_m4096_n1024_k4096_s95_d16/PROF_000001_20260621160736610_QIPOOEDDRNGCGQLA/device_0/..///host//sqlite/hccl.db
2026-06-21 16:07:39 [INFO] [704204] [704205] [process_control.cpp:189] Level[3]Release Data Types: 
2026-06-21 16:07:39 [INFO] [704204] [704219] [pmu_association.cpp:38] context pmu count is : 21
2026-06-21 16:07:39 [INFO] [704204] [704219] [pmu_association.cpp:39] block pmu count is : 840
2026-06-21 16:07:39 [INFO] [704204] [704219] [pmu_association.cpp:246] The acceleratorType of PMU is MIX
2026-06-21 16:07:39 [INFO] [704204] [704219] [pmu_association.cpp:186] Context PMU has been calculated!
2026-06-21 16:07:39 [INFO] [704204] [704218] [ascend_task_association.cpp:184] Found 23 host device matched task, generate 45 topDownTask
2026-06-21 16:07:39 [INFO] [704204] [704205] [process_control.cpp:189] Level[4]Release Data Types: St3mapIN8Analysis6Domain6TaskIdESt6vectorINS1_8HostTaskESaIS4_EESt4lessIS2_ESaISt4pairIKS2_S6_EEE St6vectorIN8Analysis6Domain10HalPmuDataESaIS2_EE St6vectorIN8Analysis6Domain14HalFreqLpmDataESaIS2_EE 
2026-06-21 16:07:39 [INFO] [704204] [704221] [hccl_calculator.cpp:51] Start Hccl calculator ProcessEntry.
2026-06-21 16:07:39 [INFO] [704204] [704221] [hccl_calculator.cpp:77] Start Hccl calculator GetHcclData.
2026-06-21 16:07:39 [INFO] [704204] [704221] [hccl_calculator.cpp:106] Start merge hccl task and ascend task.
2026-06-21 16:07:39 [INFO] [704204] [704220] [metric_summary_persistence.cpp:273] Start to process /root/LHX/Magicore-final260620/ascblas/shell/prof_n_regular_single/nreg_m4096_n1024_k4096_s95_d16/PROF_000001_20260621160736610_QIPOOEDDRNGCGQLA/device_0/sqlite/metric_summary.db.
2026-06-21 16:07:39 [INFO] [704204] [704221] [hccl_calculator.cpp:205] Start merge hccl op data.
2026-06-21 16:07:39 [INFO] [704204] [704220] [db_runner.cpp:49] Start create MetricSummary
2026-06-21 16:07:39 [INFO] [704204] [704221] [hccl_calculator.cpp:274] Start UpdateHcclOpNameByGroupName.
2026-06-21 16:07:39 [INFO] [704204] [704221] [hccl_calculator.cpp:300] Start UpdateHcclBandwidth.
2026-06-21 16:07:39 [INFO] [704204] [704221] [hccl_calculator.cpp:376] Start GetHcclStatisticsData.
2026-06-21 16:07:39 [WARN] [704204] [704221] [hccl_calculator.cpp:378] No op type in hccl data.
2026-06-21 16:07:39 [INFO] [704204] [704221] [hccl_calculator.cpp:433] Start inject hccl data.
2026-06-21 16:07:39 [INFO] [704204] [704220] [db_runner.cpp:62] create MetricSummary success
2026-06-21 16:07:39 [INFO] [704204] [704220] [metric_summary_persistence.cpp:281] Process MetricSummary done!
2026-06-21 16:07:39 [INFO] [704204] [704205] [process_control.cpp:189] Level[5]Release Data Types: St3mapIN8Analysis6Domain6TaskIdESt6vectorINS1_10DeviceTaskESaIS4_EESt4lessIS2_ESaISt4pairIKS2_S6_EEE St6vectorIN8Analysis6Domain8HcclTaskESaIS2_EE 
2026-06-21 16:07:39 [INFO] [704204] [704222] [ascend_task_persistence.cpp:72] Start to process /root/LHX/Magicore-final260620/ascblas/shell/prof_n_regular_single/nreg_m4096_n1024_k4096_s95_d16/PROF_000001_20260621160736610_QIPOOEDDRNGCGQLA/device_0/sqlite/ascend_task.db.
2026-06-21 16:07:39 [INFO] [704204] [704223] [device_hccl_persistence.cpp:129] Start to dump device hccl data.
2026-06-21 16:07:39 [INFO] [704204] [704222] [persistence_utils.h:39] Processor Save AscendTask Data.
2026-06-21 16:07:39 [WARN] [704204] [704223] [device_hccl_persistence.cpp:48] Hccl op data is empty.
2026-06-21 16:07:39 [INFO] [704204] [704222] [db_runner.cpp:49] Start create AscendTask
2026-06-21 16:07:39 [WARN] [704204] [704223] [device_hccl_persistence.cpp:76] Hccl task data is empty.
2026-06-21 16:07:39 [WARN] [704204] [704223] [device_hccl_persistence.cpp:108] Hccl statistics data is empty.
2026-06-21 16:07:39 [INFO] [704204] [704222] [db_runner.cpp:62] create AscendTask success
2026-06-21 16:07:39 [INFO] [704204] [704222] [db_runner.h:57] Start insert data to AscendTask
2026-06-21 16:07:39 [INFO] [704204] [704222] [db_runner.h:68] insert data to AscendTask success
2026-06-21 16:07:39 [INFO] [704204] [704222] [ascend_task_persistence.cpp:81] Process AscendTask done!
2026-06-21 16:07:39 [INFO] [704204] [704205] [process_control.cpp:189] Level[6]Release Data Types: St6vectorI11TopDownTaskSaIS0_EE St6vectorIN8Analysis6Domain14DeviceHcclTaskESaIS2_EE St6vectorIN8Analysis6Domain14HcclStatisticsESaIS2_EE St6vectorIN8Analysis6Domain6HcclOpESaIS2_EE 
2026-06-21 16:07:39 [INFO] [704204] [704204] [device_context.cpp:135] stat info: ===============================================================================
deivce file in /root/LHX/Magicore-final260620/ascblas/shell/prof_n_regular_single/nreg_m4096_n1024_k4096_s95_d16/PROF_000001_20260621160736610_QIPOOEDDRNGCGQLA/device_0
chip id: 5, process levels:7
-------------------------------------------------------------------------------
level[0] generalResult:true, process num:4
	process0[DeviceTaskProcess]:return: 0x0, mandatory:true
		dependProcessNames: 
		startTime:11,902,650,235,773 us, duration: 29 us
	process1[FreqParser]:return: 0x0, mandatory:true
		dependProcessNames: 
		startTime:11,902,650,235,790 us, duration: 238 us
	process2[LoadStreamExpandSpec]:return: 0x0, mandatory:true
		dependProcessNames: 
		startTime:11,902,650,235,830 us, duration: 528 us
	process3[TsTrackParser]:return: 0x0, mandatory:true
		dependProcessNames: 
		startTime:11,902,650,235,847 us, duration: 215 us
-------------------------------------------------------------------------------
level[1] generalResult:true, process num:4
	process0[FreqPersistence]:return: 0x0, mandatory:true
		dependProcessNames: FreqParser, 
		startTime:11,902,650,236,643 us, duration: 775 us
	process1[StarsSocParser]:return: 0x0, mandatory:true
		dependProcessNames: LoadStreamExpandSpec, 
		startTime:11,902,650,236,648 us, duration: 360 us
	process2[StepTraceProcess]:return: 0x0, mandatory:false
		dependProcessNames: TsTrackParser, 
		startTime:11,902,650,236,649 us, duration: 41 us
	process3[FftsProfileParser]:return: 0x0, mandatory:true
		dependProcessNames: LoadStreamExpandSpec, 
		startTime:11,902,650,236,658 us, duration: 1,541 us
-------------------------------------------------------------------------------
level[2] generalResult:true, process num:3
	process0[PmuModeling]:return: 0x0, mandatory:true
		dependProcessNames: FftsProfileParser, TsTrackParser, 
		startTime:11,902,650,238,422 us, duration: 87 us
	process1[Domain::LogModeling]:return: 0x0, mandatory:true
		dependProcessNames: StarsSocParser, TsTrackParser, 
		startTime:11,902,650,238,429 us, duration: 205 us
	process2[AccPmuPersistence]:return: 0x0, mandatory:true
		dependProcessNames: StarsSocParser, 
		startTime:11,902,650,238,437 us, duration: 88 us
-------------------------------------------------------------------------------
level[3] generalResult:true, process num:1
	process0[LoadHostData]:return: 0x0, mandatory:false
		dependProcessNames: Domain::LogModeling, 
		startTime:11,902,650,238,769 us, duration: 930 us
-------------------------------------------------------------------------------
level[4] generalResult:true, process num:2
	process0[PmuAssociation]:return: 0x0, mandatory:true
		dependProcessNames: LoadHostData, PmuModeling, 
		startTime:11,902,650,239,871 us, duration: 336 us
	process1[AscendTaskAssociation]:return: 0x0, mandatory:true
		dependProcessNames: LoadHostData, 
		startTime:11,902,650,239,878 us, duration: 522 us
-------------------------------------------------------------------------------
level[5] generalResult:true, process num:2
	process0[HcclCalculator]:return: 0x0, mandatory:true
		dependProcessNames: AscendTaskAssociation, LoadHostData, 
		startTime:11,902,650,240,626 us, duration: 122 us
	process1[MetricSummaryPersistence]:return: 0x0, mandatory:true
		dependProcessNames: PmuAssociation, 
		startTime:11,902,650,240,633 us, duration: 919 us
-------------------------------------------------------------------------------
level[6] generalResult:true, process num:2
	process0[AscendTaskPersistence]:return: 0x0, mandatory:true
		dependProcessNames: HcclCalculator, 
		startTime:11,902,650,241,766 us, duration: 814 us
	process1[DeviceHcclPersistence]:return: 0x0, mandatory:true
		dependProcessNames: HcclCalculator, 
		startTime:11,902,650,241,779 us, duration: 76 us


2026-06-21 16:07:39 [INFO] [704204] [704204] [time_logger.h:35] DeviceContextEntry  end, cost time = 8 ms
