[WARNING] msprof is running as root. For security reasons, use a regular user account instead.
[INFO] Start profiling...
Host-side N padding enabled: N_original=4112, N_kernel=4224 (pad 112 columns, granularity=128)
✅ 成功读取二进制文件: ../../data/vector_csr/A_data.bin (元素数: 838848)
✅ 成功读取二进制文件: ../../data/vector_csr/A_cols.bin (元素数: 52428)
✅ 成功读取二进制文件: ../../data/vector_csr/A_indptr.bin (元素数: 257)

>>> A矩阵vector-CSR格式信息:
向量块数量: 52428  向量维度d: 16
行块数: 256  行指针长度: 257
>>> 前16个元素（float）:
-1.1417 1.2864 -0.1015 -0.4492 -0.8566 0.9359 -1.0535 -0.8447 
-0.4699 0.8547 0.7430 -0.4823 -0.8094 -0.2160 -1.0651 -0.9305 

✅ 成功读取二进制文件: ../../data/B_dense.bin (元素数: 16842752)
>>> 前16个元素（__fp16）:
-0.9551 -2.6719 0.1805 0.1310 -0.2927 -1.8018 0.3494 -0.1764 
-0.5083 -0.9263 -0.6514 0.7402 -0.3860 -0.5967 1.2617 -0.6431 

B-pack workspace: double-buffered ring, slots=2, n_batch=64, aic_n_batch=8, sparse_k_tile=256, total_b_pack_elems=111116288
Kernel start!
Prof mode: launch spmm kernel 21 times for stable msprof statistics.

===== Host Wall-Time Breakdown =====
  acl init + handle        : 606.651 ms
  host malloc/init         : 2.770 ms
  read A vector CSR        : 4.219 ms
  read B dense             : 68.523 ms
  read C reference         : 0.000 ms
  analyze sparse metadata  : 0.051 ms
  pack B on host (once)    : 0.000 ms
  debug host alloc/init    : 0.000 ms
  device malloc            : 0.443 ms
  H2D memcpy               : 1.810 ms
  device memset            : 3.439 ms
  kernel loop + sync       : 19.316 ms
  kernel avg per launch    : 0.920 ms (21 launches)
  D2H C memcpy             : 0.000 ms
  D2H debug memcpy         : 0.000 ms
  debug dump printing      : 0.000 ms
  verification             : 0.000 ms
  debug summary printing   : 0.000 ms
  cleanup                  : 1073.356 ms
  total inside main        : 1780.645 ms
====================================

Kernel end!
[INFO] Start export data in PROF_000001_20260621160944880_HGFHPMOAQJFNOBDB.
Sun 21 Jun 2026 16:09:48 [INFO] [MSVP] [715877] msprof_common.py: Start analyzing data in "/root/LHX/Magicore-final260620/ascblas/shell/prof_n_regular_single/nreg_m4096_n4112_k4096_s95_d16/PROF_000001_20260621160944880_HGFHPMOAQJFNOBDB/host" ...
Sun 21 Jun 2026 16:09:48 [INFO] [MSVP] [715877] msprof_common.py: It may take few minutes, please be patient ...
Sun 21 Jun 2026 16:09:48 [INFO] [MSVP] [715877] msprof_common.py: Analysis data in "/root/LHX/Magicore-final260620/ascblas/shell/prof_n_regular_single/nreg_m4096_n4112_k4096_s95_d16/PROF_000001_20260621160944880_HGFHPMOAQJFNOBDB/host" finished.
Sun 21 Jun 2026 16:09:48 [INFO] [MSVP] [715877] msprof_common.py: Start analyzing data in "/root/LHX/Magicore-final260620/ascblas/shell/prof_n_regular_single/nreg_m4096_n4112_k4096_s95_d16/PROF_000001_20260621160944880_HGFHPMOAQJFNOBDB/device_0" ...
Sun 21 Jun 2026 16:09:48 [INFO] [MSVP] [715877] msprof_common.py: It may take few minutes, please be patient ...
Sun 21 Jun 2026 16:09:48 [INFO] [MSVP] [715877] msprof_common.py: Analysis data in "/root/LHX/Magicore-final260620/ascblas/shell/prof_n_regular_single/nreg_m4096_n4112_k4096_s95_d16/PROF_000001_20260621160944880_HGFHPMOAQJFNOBDB/device_0" finished.
Sun 21 Jun 2026 16:09:48 [INFO] [MSVP] [715877] msprof_export.py: All collected data will be exported, path is: /root/LHX/Magicore-final260620/ascblas/shell/prof_n_regular_single/nreg_m4096_n4112_k4096_s95_d16/PROF_000001_20260621160944880_HGFHPMOAQJFNOBDB/device_0.
Sun 21 Jun 2026 16:09:48 [INFO] [MSVP] [715877] msprof_export.py: There is no timeline data to export for "/root/LHX/Magicore-final260620/ascblas/shell/prof_n_regular_single/nreg_m4096_n4112_k4096_s95_d16/PROF_000001_20260621160944880_HGFHPMOAQJFNOBDB/host"
Sun 21 Jun 2026 16:09:49 [INFO] [MSVP] [716042] msprof_export.py: The data in "/root/LHX/Magicore-final260620/ascblas/shell/prof_n_regular_single/nreg_m4096_n4112_k4096_s95_d16/PROF_000001_20260621160944880_HGFHPMOAQJFNOBDB/host" has been analyzed. Parsing phase will be skipped.
Sun 21 Jun 2026 16:09:49 [INFO] [MSVP] [716042] msprof_export.py: The data in "/root/LHX/Magicore-final260620/ascblas/shell/prof_n_regular_single/nreg_m4096_n4112_k4096_s95_d16/PROF_000001_20260621160944880_HGFHPMOAQJFNOBDB/device_0" has been analyzed. Parsing phase will be skipped.
Sun 21 Jun 2026 16:09:49 [INFO] [MSVP] [716042] msprof_export.py: All collected data will be exported, path is: /root/LHX/Magicore-final260620/ascblas/shell/prof_n_regular_single/nreg_m4096_n4112_k4096_s95_d16/PROF_000001_20260621160944880_HGFHPMOAQJFNOBDB/device_0.
Sun 21 Jun 2026 16:09:49 [INFO] [MSVP] [716042] msprof_export.py: There is no summary data to export for "/root/LHX/Magicore-final260620/ascblas/shell/prof_n_regular_single/nreg_m4096_n4112_k4096_s95_d16/PROF_000001_20260621160944880_HGFHPMOAQJFNOBDB/host"
Sun 21 Jun 2026 16:09:49 [INFO] [MSVP] [716042] msprof_export.py: All collected data will be exported, path is: /root/LHX/Magicore-final260620/ascblas/shell/prof_n_regular_single/nreg_m4096_n4112_k4096_s95_d16/PROF_000001_20260621160944880_HGFHPMOAQJFNOBDB/device_0.
Sun 21 Jun 2026 16:09:49 [INFO] [MSVP] [716042] msprof_common.py: Start exporting summary output_file.
Sun 21 Jun 2026 16:09:49 [INFO] [MSVP] [716042] msprof_common.py: End exporting summary output_file.The file is stored in the /root/LHX/Magicore-final260620/ascblas/shell/prof_n_regular_single/nreg_m4096_n4112_k4096_s95_d16/PROF_000001_20260621160944880_HGFHPMOAQJFNOBDB/mindstudio_profiler_output path.
[INFO] Export all data in PROF_000001_20260621160944880_HGFHPMOAQJFNOBDB done.
[INFO] Start query data in PROF_000001_20260621160944880_HGFHPMOAQJFNOBDB.
Job Info	Device ID	Dir Name	Collection Time           	Model ID	Iteration Number	Top Time Iteration	Rank ID	

NA      	         	host    	2026-06-21 16:09:44.883271	N/A     	N/A             	N/A               	-1     	

NA      	0        	device_0	2026-06-21 16:09:45.459401	N/A     	N/A             	N/A               	-1     	

[INFO] Query all data in PROF_000001_20260621160944880_HGFHPMOAQJFNOBDB done.
[INFO] Profiling finished.
[INFO] Process profiling data complete. Data is saved in /root/LHX/Magicore-final260620/ascblas/shell/prof_n_regular_single/nreg_m4096_n4112_k4096_s95_d16/PROF_000001_20260621160944880_HGFHPMOAQJFNOBDB
