[WARNING] msprof is running as root. For security reasons, use a regular user account instead.
[INFO] Start profiling...
Host-side N padding enabled: N_original=4080, N_kernel=4096 (pad 16 columns, granularity=128)
✅ 成功读取二进制文件: ../../data/vector_csr/A_data.bin (元素数: 838848)
✅ 成功读取二进制文件: ../../data/vector_csr/A_cols.bin (元素数: 52428)
✅ 成功读取二进制文件: ../../data/vector_csr/A_indptr.bin (元素数: 257)

>>> A矩阵vector-CSR格式信息:
向量块数量: 52428  向量维度d: 16
行块数: 256  行指针长度: 257
>>> 前16个元素（float）:
0.9842 -0.8802 0.9150 0.3257 -0.2126 1.0358 -2.3015 1.1627 
-0.8436 -0.2078 1.9700 -0.2240 1.3317 1.5909 0.0162 0.2324 

✅ 成功读取二进制文件: ../../data/B_dense.bin (元素数: 16711680)
>>> 前16个元素（__fp16）:
-1.3350 1.3975 0.0837 1.3330 -0.2133 0.3799 0.6870 0.6938 
0.6265 -0.4905 0.4407 -0.3469 2.4219 -0.7896 0.2158 -0.9634 

B-pack workspace: double-buffered ring, slots=2, n_batch=64, aic_n_batch=8, sparse_k_tile=256, total_b_pack_elems=111247360
Kernel start!
Prof mode: launch spmm kernel 21 times for stable msprof statistics.

===== Host Wall-Time Breakdown =====
  acl init + handle        : 597.322 ms
  host malloc/init         : 2.666 ms
  read A vector CSR        : 3.387 ms
  read B dense             : 64.375 ms
  read C reference         : 0.000 ms
  analyze sparse metadata  : 0.048 ms
  pack B on host (once)    : 0.000 ms
  debug host alloc/init    : 0.000 ms
  device malloc            : 0.404 ms
  H2D memcpy               : 1.664 ms
  device memset            : 3.355 ms
  kernel loop + sync       : 18.657 ms
  kernel avg per launch    : 0.888 ms (21 launches)
  D2H C memcpy             : 0.000 ms
  D2H debug memcpy         : 0.000 ms
  debug dump printing      : 0.000 ms
  verification             : 0.000 ms
  debug summary printing   : 0.000 ms
  cleanup                  : 755.216 ms
  total inside main        : 1447.162 ms
====================================

Kernel end!
[INFO] Start export data in PROF_000001_20260621160851156_ICIIELOGQKDKMBEC.
Sun 21 Jun 2026 16:08:53 [INFO] [MSVP] [710526] msprof_common.py: Start analyzing data in "/root/LHX/Magicore-final260620/ascblas/shell/prof_n_regular_single/nreg_m4096_n4080_k4096_s95_d16/PROF_000001_20260621160851156_ICIIELOGQKDKMBEC/host" ...
Sun 21 Jun 2026 16:08:53 [INFO] [MSVP] [710526] msprof_common.py: It may take few minutes, please be patient ...
Sun 21 Jun 2026 16:08:53 [INFO] [MSVP] [710526] msprof_common.py: Analysis data in "/root/LHX/Magicore-final260620/ascblas/shell/prof_n_regular_single/nreg_m4096_n4080_k4096_s95_d16/PROF_000001_20260621160851156_ICIIELOGQKDKMBEC/host" finished.
Sun 21 Jun 2026 16:08:53 [INFO] [MSVP] [710526] msprof_common.py: Start analyzing data in "/root/LHX/Magicore-final260620/ascblas/shell/prof_n_regular_single/nreg_m4096_n4080_k4096_s95_d16/PROF_000001_20260621160851156_ICIIELOGQKDKMBEC/device_0" ...
Sun 21 Jun 2026 16:08:53 [INFO] [MSVP] [710526] msprof_common.py: It may take few minutes, please be patient ...
Sun 21 Jun 2026 16:08:53 [INFO] [MSVP] [710526] msprof_common.py: Analysis data in "/root/LHX/Magicore-final260620/ascblas/shell/prof_n_regular_single/nreg_m4096_n4080_k4096_s95_d16/PROF_000001_20260621160851156_ICIIELOGQKDKMBEC/device_0" finished.
Sun 21 Jun 2026 16:08:53 [INFO] [MSVP] [710526] msprof_export.py: All collected data will be exported, path is: /root/LHX/Magicore-final260620/ascblas/shell/prof_n_regular_single/nreg_m4096_n4080_k4096_s95_d16/PROF_000001_20260621160851156_ICIIELOGQKDKMBEC/device_0.
Sun 21 Jun 2026 16:08:53 [INFO] [MSVP] [710526] msprof_export.py: There is no timeline data to export for "/root/LHX/Magicore-final260620/ascblas/shell/prof_n_regular_single/nreg_m4096_n4080_k4096_s95_d16/PROF_000001_20260621160851156_ICIIELOGQKDKMBEC/host"
Sun 21 Jun 2026 16:08:54 [INFO] [MSVP] [710691] msprof_export.py: The data in "/root/LHX/Magicore-final260620/ascblas/shell/prof_n_regular_single/nreg_m4096_n4080_k4096_s95_d16/PROF_000001_20260621160851156_ICIIELOGQKDKMBEC/host" has been analyzed. Parsing phase will be skipped.
Sun 21 Jun 2026 16:08:54 [INFO] [MSVP] [710691] msprof_export.py: The data in "/root/LHX/Magicore-final260620/ascblas/shell/prof_n_regular_single/nreg_m4096_n4080_k4096_s95_d16/PROF_000001_20260621160851156_ICIIELOGQKDKMBEC/device_0" has been analyzed. Parsing phase will be skipped.
Sun 21 Jun 2026 16:08:54 [INFO] [MSVP] [710691] msprof_export.py: All collected data will be exported, path is: /root/LHX/Magicore-final260620/ascblas/shell/prof_n_regular_single/nreg_m4096_n4080_k4096_s95_d16/PROF_000001_20260621160851156_ICIIELOGQKDKMBEC/device_0.
Sun 21 Jun 2026 16:08:54 [INFO] [MSVP] [710691] msprof_export.py: There is no summary data to export for "/root/LHX/Magicore-final260620/ascblas/shell/prof_n_regular_single/nreg_m4096_n4080_k4096_s95_d16/PROF_000001_20260621160851156_ICIIELOGQKDKMBEC/host"
Sun 21 Jun 2026 16:08:54 [INFO] [MSVP] [710691] msprof_export.py: All collected data will be exported, path is: /root/LHX/Magicore-final260620/ascblas/shell/prof_n_regular_single/nreg_m4096_n4080_k4096_s95_d16/PROF_000001_20260621160851156_ICIIELOGQKDKMBEC/device_0.
Sun 21 Jun 2026 16:08:54 [INFO] [MSVP] [710691] msprof_common.py: Start exporting summary output_file.
Sun 21 Jun 2026 16:08:54 [INFO] [MSVP] [710691] msprof_common.py: End exporting summary output_file.The file is stored in the /root/LHX/Magicore-final260620/ascblas/shell/prof_n_regular_single/nreg_m4096_n4080_k4096_s95_d16/PROF_000001_20260621160851156_ICIIELOGQKDKMBEC/mindstudio_profiler_output path.
[INFO] Export all data in PROF_000001_20260621160851156_ICIIELOGQKDKMBEC done.
[INFO] Start query data in PROF_000001_20260621160851156_ICIIELOGQKDKMBEC.
Job Info	Device ID	Dir Name	Collection Time           	Model ID	Iteration Number	Top Time Iteration	Rank ID	

NA      	         	host    	2026-06-21 16:08:51.158486	N/A     	N/A             	N/A               	-1     	

NA      	0        	device_0	2026-06-21 16:08:51.723787	N/A     	N/A             	N/A               	-1     	

[INFO] Query all data in PROF_000001_20260621160851156_ICIIELOGQKDKMBEC done.
[INFO] Profiling finished.
[INFO] Process profiling data complete. Data is saved in /root/LHX/Magicore-final260620/ascblas/shell/prof_n_regular_single/nreg_m4096_n4080_k4096_s95_d16/PROF_000001_20260621160851156_ICIIELOGQKDKMBEC
