[WARNING] msprof is running as root. For security reasons, use a regular user account instead.
[INFO] Start profiling...
Host-side N padding enabled: N_original=4000, N_kernel=4096 (pad 96 columns, granularity=128)
✅ 成功读取二进制文件: ../../data/vector_csr/A_data.bin (元素数: 838848)
✅ 成功读取二进制文件: ../../data/vector_csr/A_cols.bin (元素数: 52428)
✅ 成功读取二进制文件: ../../data/vector_csr/A_indptr.bin (元素数: 257)

>>> A矩阵vector-CSR格式信息:
向量块数量: 52428  向量维度d: 16
行块数: 256  行指针长度: 257
>>> 前16个元素（float）:
0.6373 -0.0502 0.1877 -0.3009 -0.0505 1.2675 -0.9339 0.5099 
-0.5991 -0.1311 1.4729 -0.4764 -1.8716 0.7732 0.8885 0.9558 

✅ 成功读取二进制文件: ../../data/B_dense.bin (元素数: 16384000)
>>> 前16个元素（__fp16）:
3.2754 0.0866 0.2891 0.3503 2.4688 -0.5283 -0.9453 -0.1425 
-0.2625 0.8491 0.1493 0.5371 1.3213 1.6807 1.5654 -1.2139 

B-pack workspace: double-buffered ring, slots=2, n_batch=64, aic_n_batch=8, sparse_k_tile=256, total_b_pack_elems=111017984
Kernel start!
Prof mode: launch spmm kernel 21 times for stable msprof statistics.

===== Host Wall-Time Breakdown =====
  acl init + handle        : 597.191 ms
  host malloc/init         : 2.650 ms
  read A vector CSR        : 3.404 ms
  read B dense             : 62.154 ms
  read C reference         : 0.000 ms
  analyze sparse metadata  : 0.047 ms
  pack B on host (once)    : 0.000 ms
  debug host alloc/init    : 0.000 ms
  device malloc            : 0.400 ms
  H2D memcpy               : 1.665 ms
  device memset            : 3.554 ms
  kernel loop + sync       : 18.567 ms
  kernel avg per launch    : 0.884 ms (21 launches)
  D2H C memcpy             : 0.000 ms
  D2H debug memcpy         : 0.000 ms
  debug dump printing      : 0.000 ms
  verification             : 0.000 ms
  debug summary printing   : 0.000 ms
  cleanup                  : 1157.020 ms
  total inside main        : 1846.716 ms
====================================

Kernel end!
[INFO] Start export data in PROF_000001_20260621160843755_CBGPPAEHOALEFDFC.
Sun 21 Jun 2026 16:08:48 [INFO] [MSVP] [710216] msprof_common.py: Start analyzing data in "/root/LHX/Magicore-final260620/ascblas/shell/prof_n_regular_single/nreg_m4096_n4000_k4096_s95_d16/PROF_000001_20260621160843755_CBGPPAEHOALEFDFC/host" ...
Sun 21 Jun 2026 16:08:48 [INFO] [MSVP] [710216] msprof_common.py: It may take few minutes, please be patient ...
Sun 21 Jun 2026 16:08:48 [INFO] [MSVP] [710216] msprof_common.py: Analysis data in "/root/LHX/Magicore-final260620/ascblas/shell/prof_n_regular_single/nreg_m4096_n4000_k4096_s95_d16/PROF_000001_20260621160843755_CBGPPAEHOALEFDFC/host" finished.
Sun 21 Jun 2026 16:08:48 [INFO] [MSVP] [710216] msprof_common.py: Start analyzing data in "/root/LHX/Magicore-final260620/ascblas/shell/prof_n_regular_single/nreg_m4096_n4000_k4096_s95_d16/PROF_000001_20260621160843755_CBGPPAEHOALEFDFC/device_0" ...
Sun 21 Jun 2026 16:08:48 [INFO] [MSVP] [710216] msprof_common.py: It may take few minutes, please be patient ...
Sun 21 Jun 2026 16:08:48 [INFO] [MSVP] [710216] msprof_common.py: Analysis data in "/root/LHX/Magicore-final260620/ascblas/shell/prof_n_regular_single/nreg_m4096_n4000_k4096_s95_d16/PROF_000001_20260621160843755_CBGPPAEHOALEFDFC/device_0" finished.
Sun 21 Jun 2026 16:08:48 [INFO] [MSVP] [710216] msprof_export.py: All collected data will be exported, path is: /root/LHX/Magicore-final260620/ascblas/shell/prof_n_regular_single/nreg_m4096_n4000_k4096_s95_d16/PROF_000001_20260621160843755_CBGPPAEHOALEFDFC/device_0.
Sun 21 Jun 2026 16:08:48 [INFO] [MSVP] [710216] msprof_export.py: There is no timeline data to export for "/root/LHX/Magicore-final260620/ascblas/shell/prof_n_regular_single/nreg_m4096_n4000_k4096_s95_d16/PROF_000001_20260621160843755_CBGPPAEHOALEFDFC/host"
Sun 21 Jun 2026 16:08:49 [INFO] [MSVP] [710394] msprof_export.py: The data in "/root/LHX/Magicore-final260620/ascblas/shell/prof_n_regular_single/nreg_m4096_n4000_k4096_s95_d16/PROF_000001_20260621160843755_CBGPPAEHOALEFDFC/host" has been analyzed. Parsing phase will be skipped.
Sun 21 Jun 2026 16:08:49 [INFO] [MSVP] [710394] msprof_export.py: The data in "/root/LHX/Magicore-final260620/ascblas/shell/prof_n_regular_single/nreg_m4096_n4000_k4096_s95_d16/PROF_000001_20260621160843755_CBGPPAEHOALEFDFC/device_0" has been analyzed. Parsing phase will be skipped.
Sun 21 Jun 2026 16:08:49 [INFO] [MSVP] [710394] msprof_export.py: All collected data will be exported, path is: /root/LHX/Magicore-final260620/ascblas/shell/prof_n_regular_single/nreg_m4096_n4000_k4096_s95_d16/PROF_000001_20260621160843755_CBGPPAEHOALEFDFC/device_0.
Sun 21 Jun 2026 16:08:49 [INFO] [MSVP] [710394] msprof_export.py: There is no summary data to export for "/root/LHX/Magicore-final260620/ascblas/shell/prof_n_regular_single/nreg_m4096_n4000_k4096_s95_d16/PROF_000001_20260621160843755_CBGPPAEHOALEFDFC/host"
Sun 21 Jun 2026 16:08:49 [INFO] [MSVP] [710394] msprof_export.py: All collected data will be exported, path is: /root/LHX/Magicore-final260620/ascblas/shell/prof_n_regular_single/nreg_m4096_n4000_k4096_s95_d16/PROF_000001_20260621160843755_CBGPPAEHOALEFDFC/device_0.
Sun 21 Jun 2026 16:08:49 [INFO] [MSVP] [710394] msprof_common.py: Start exporting summary output_file.
Sun 21 Jun 2026 16:08:49 [INFO] [MSVP] [710394] msprof_common.py: End exporting summary output_file.The file is stored in the /root/LHX/Magicore-final260620/ascblas/shell/prof_n_regular_single/nreg_m4096_n4000_k4096_s95_d16/PROF_000001_20260621160843755_CBGPPAEHOALEFDFC/mindstudio_profiler_output path.
[INFO] Export all data in PROF_000001_20260621160843755_CBGPPAEHOALEFDFC done.
[INFO] Start query data in PROF_000001_20260621160843755_CBGPPAEHOALEFDFC.
Job Info	Device ID	Dir Name	Collection Time           	Model ID	Iteration Number	Top Time Iteration	Rank ID	

NA      	         	host    	2026-06-21 16:08:43.757740	N/A     	N/A             	N/A               	-1     	

NA      	0        	device_0	2026-06-21 16:08:44.323837	N/A     	N/A             	N/A               	-1     	

[INFO] Query all data in PROF_000001_20260621160843755_CBGPPAEHOALEFDFC done.
[INFO] Profiling finished.
[INFO] Process profiling data complete. Data is saved in /root/LHX/Magicore-final260620/ascblas/shell/prof_n_regular_single/nreg_m4096_n4000_k4096_s95_d16/PROF_000001_20260621160843755_CBGPPAEHOALEFDFC
