[WARNING] msprof is running as root. For security reasons, use a regular user account instead.
[INFO] Start profiling...
✅ 成功读取二进制文件: ../../data/vector_csr/A_data.bin (元素数: 838848)
✅ 成功读取二进制文件: ../../data/vector_csr/A_cols.bin (元素数: 52428)
✅ 成功读取二进制文件: ../../data/vector_csr/A_indptr.bin (元素数: 257)

>>> A矩阵vector-CSR格式信息:
向量块数量: 52428  向量维度d: 16
行块数: 256  行指针长度: 257
>>> 前16个元素（float）:
1.2526 1.8297 0.0182 1.2095 -0.4170 -1.0751 -1.4264 0.1270 
1.1415 -0.2921 2.0772 -0.9337 -0.5353 -0.8746 0.0307 -0.3116 

✅ 成功读取二进制文件: ../../data/B_dense.bin (元素数: 16777216)
>>> 前16个元素（__fp16）:
-0.0875 0.8018 -0.8105 -0.2783 -0.0023 -0.5649 0.7583 0.4985 
1.0566 -0.5034 1.4932 -1.5918 -0.3052 -1.5752 -0.0491 0.9160 

B-pack workspace: double-buffered ring, slots=2, n_batch=64, aic_n_batch=8, sparse_k_tile=256, total_b_pack_elems=111345664
Kernel start!
Prof mode: launch spmm kernel 21 times for stable msprof statistics.

===== Host Wall-Time Breakdown =====
  acl init + handle        : 611.044 ms
  host malloc/init         : 2.670 ms
  read A vector CSR        : 3.434 ms
  read B dense             : 51.953 ms
  read C reference         : 0.000 ms
  analyze sparse metadata  : 0.025 ms
  pack B on host (once)    : 0.000 ms
  debug host alloc/init    : 0.000 ms
  device malloc            : 0.449 ms
  H2D memcpy               : 1.593 ms
  device memset            : 3.313 ms
  kernel loop + sync       : 18.662 ms
  kernel avg per launch    : 0.889 ms (21 launches)
  D2H C memcpy             : 0.000 ms
  D2H debug memcpy         : 0.000 ms
  debug dump printing      : 0.000 ms
  verification             : 0.000 ms
  debug summary printing   : 0.000 ms
  cleanup                  : 691.746 ms
  total inside main        : 1384.914 ms
====================================

Kernel end!
[INFO] Start export data in PROF_000001_20260621160921232_QGFLLRBBPHGJIEMB.
Sun 21 Jun 2026 16:09:23 [INFO] [MSVP] [714517] msprof_common.py: Start analyzing data in "/root/LHX/Magicore-final260620/ascblas/shell/prof_n_regular_single/nreg_m4096_n4096_k4096_s95_d16/PROF_000001_20260621160921232_QGFLLRBBPHGJIEMB/host" ...
Sun 21 Jun 2026 16:09:23 [INFO] [MSVP] [714517] msprof_common.py: It may take few minutes, please be patient ...
Sun 21 Jun 2026 16:09:23 [INFO] [MSVP] [714517] msprof_common.py: Analysis data in "/root/LHX/Magicore-final260620/ascblas/shell/prof_n_regular_single/nreg_m4096_n4096_k4096_s95_d16/PROF_000001_20260621160921232_QGFLLRBBPHGJIEMB/host" finished.
Sun 21 Jun 2026 16:09:23 [INFO] [MSVP] [714517] msprof_common.py: Start analyzing data in "/root/LHX/Magicore-final260620/ascblas/shell/prof_n_regular_single/nreg_m4096_n4096_k4096_s95_d16/PROF_000001_20260621160921232_QGFLLRBBPHGJIEMB/device_0" ...
Sun 21 Jun 2026 16:09:23 [INFO] [MSVP] [714517] msprof_common.py: It may take few minutes, please be patient ...
Sun 21 Jun 2026 16:09:23 [INFO] [MSVP] [714517] msprof_common.py: Analysis data in "/root/LHX/Magicore-final260620/ascblas/shell/prof_n_regular_single/nreg_m4096_n4096_k4096_s95_d16/PROF_000001_20260621160921232_QGFLLRBBPHGJIEMB/device_0" finished.
Sun 21 Jun 2026 16:09:23 [INFO] [MSVP] [714517] msprof_export.py: All collected data will be exported, path is: /root/LHX/Magicore-final260620/ascblas/shell/prof_n_regular_single/nreg_m4096_n4096_k4096_s95_d16/PROF_000001_20260621160921232_QGFLLRBBPHGJIEMB/device_0.
Sun 21 Jun 2026 16:09:23 [INFO] [MSVP] [714517] msprof_export.py: There is no timeline data to export for "/root/LHX/Magicore-final260620/ascblas/shell/prof_n_regular_single/nreg_m4096_n4096_k4096_s95_d16/PROF_000001_20260621160921232_QGFLLRBBPHGJIEMB/host"
Sun 21 Jun 2026 16:09:24 [INFO] [MSVP] [714682] msprof_export.py: The data in "/root/LHX/Magicore-final260620/ascblas/shell/prof_n_regular_single/nreg_m4096_n4096_k4096_s95_d16/PROF_000001_20260621160921232_QGFLLRBBPHGJIEMB/host" has been analyzed. Parsing phase will be skipped.
Sun 21 Jun 2026 16:09:24 [INFO] [MSVP] [714682] msprof_export.py: The data in "/root/LHX/Magicore-final260620/ascblas/shell/prof_n_regular_single/nreg_m4096_n4096_k4096_s95_d16/PROF_000001_20260621160921232_QGFLLRBBPHGJIEMB/device_0" has been analyzed. Parsing phase will be skipped.
Sun 21 Jun 2026 16:09:24 [INFO] [MSVP] [714682] msprof_export.py: All collected data will be exported, path is: /root/LHX/Magicore-final260620/ascblas/shell/prof_n_regular_single/nreg_m4096_n4096_k4096_s95_d16/PROF_000001_20260621160921232_QGFLLRBBPHGJIEMB/device_0.
Sun 21 Jun 2026 16:09:24 [INFO] [MSVP] [714682] msprof_export.py: There is no summary data to export for "/root/LHX/Magicore-final260620/ascblas/shell/prof_n_regular_single/nreg_m4096_n4096_k4096_s95_d16/PROF_000001_20260621160921232_QGFLLRBBPHGJIEMB/host"
Sun 21 Jun 2026 16:09:24 [INFO] [MSVP] [714682] msprof_export.py: All collected data will be exported, path is: /root/LHX/Magicore-final260620/ascblas/shell/prof_n_regular_single/nreg_m4096_n4096_k4096_s95_d16/PROF_000001_20260621160921232_QGFLLRBBPHGJIEMB/device_0.
Sun 21 Jun 2026 16:09:24 [INFO] [MSVP] [714682] msprof_common.py: Start exporting summary output_file.
Sun 21 Jun 2026 16:09:24 [INFO] [MSVP] [714682] msprof_common.py: End exporting summary output_file.The file is stored in the /root/LHX/Magicore-final260620/ascblas/shell/prof_n_regular_single/nreg_m4096_n4096_k4096_s95_d16/PROF_000001_20260621160921232_QGFLLRBBPHGJIEMB/mindstudio_profiler_output path.
[INFO] Export all data in PROF_000001_20260621160921232_QGFLLRBBPHGJIEMB done.
[INFO] Start query data in PROF_000001_20260621160921232_QGFLLRBBPHGJIEMB.
Job Info	Device ID	Dir Name	Collection Time           	Model ID	Iteration Number	Top Time Iteration	Rank ID	

NA      	         	host    	2026-06-21 16:09:21.234908	N/A     	N/A             	N/A               	-1     	

NA      	0        	device_0	2026-06-21 16:09:21.812869	N/A     	N/A             	N/A               	-1     	

[INFO] Query all data in PROF_000001_20260621160921232_QGFLLRBBPHGJIEMB done.
[INFO] Profiling finished.
[INFO] Process profiling data complete. Data is saved in /root/LHX/Magicore-final260620/ascblas/shell/prof_n_regular_single/nreg_m4096_n4096_k4096_s95_d16/PROF_000001_20260621160921232_QGFLLRBBPHGJIEMB
