2026-06-21 16:09:11 [INFO] [713994] [713994] [time_logger.h:28] DeviceContextEntry  start
2026-06-21 16:09:11 [INFO] [713994] [713997] [parser.cpp:51] loop: /root/LHX/Magicore-final260620/ascblas/shell/prof_n_regular_single/nreg_m4096_n4093_k4096_s95_d16/PROF_000001_20260621160909408_EPLPJPCOCCGCQFMC/device_0/data/lpmFreqConv.data.0.slice_0, file size: 888
2026-06-21 16:09:11 [INFO] [713994] [713997] [parser.cpp:54] total size: 888
2026-06-21 16:09:11 [INFO] [713994] [713999] [parser.cpp:51] loop: /root/LHX/Magicore-final260620/ascblas/shell/prof_n_regular_single/nreg_m4096_n4093_k4096_s95_d16/PROF_000001_20260621160909408_EPLPJPCOCCGCQFMC/device_0/data/ts_track.data.0.slice_0, file size: 80
2026-06-21 16:09:11 [INFO] [713994] [713997] [parser.cpp:159] Parse filePrefix is: lpmFreqConv., the number of files is: 1, and the total size of all files is: 888
2026-06-21 16:09:11 [INFO] [713994] [713999] [parser.cpp:54] total size: 80
2026-06-21 16:09:11 [INFO] [713994] [713999] [parser.cpp:159] Parse filePrefix is: ts_track., the number of files is: 1, and the total size of all files is: 80
2026-06-21 16:09:11 [INFO] [713994] [713997] [parser.cpp:87] Data has been read to the memory successfully!
2026-06-21 16:09:11 [INFO] [713994] [713997] [freq_parser.cpp:67] FreqProfileData structCount is : 1
2026-06-21 16:09:11 [INFO] [713994] [713999] [parser.cpp:87] Data has been read to the memory successfully!
2026-06-21 16:09:11 [INFO] [713994] [713997] [freq_parser.cpp:95] Freq.data parser is completed, begin to save data into dataInventory!
2026-06-21 16:09:11 [INFO] [713994] [713999] [ts_track_parser.cpp:65] TsTrack structCount: 2
2026-06-21 16:09:11 [INFO] [713994] [713997] [parser.cpp:177] Parser is completed!
2026-06-21 16:09:11 [INFO] [713994] [713999] [parser.cpp:177] Parser is completed!
2026-06-21 16:09:11 [INFO] [713994] [713998] [db_runner.h:75] Start query data
2026-06-21 16:09:11 [INFO] [713994] [713998] [db_runner.h:86] Query data success: SELECT expand_status from StreamExpandSpec LIMIT 1
2026-06-21 16:09:11 [INFO] [713994] [713995] [process_control.cpp:189] Level[0]Release Data Types: 
2026-06-21 16:09:11 [INFO] [713994] [714000] [step_trace_process.cpp:197] Start to process step trace data
2026-06-21 16:09:11 [INFO] [713994] [714003] [freq_persistence.cpp:46] Start to process /root/LHX/Magicore-final260620/ascblas/shell/prof_n_regular_single/nreg_m4096_n4093_k4096_s95_d16/PROF_000001_20260621160909408_EPLPJPCOCCGCQFMC/device_0/sqlite/freq.db.
2026-06-21 16:09:11 [WARN] [713994] [714000] [step_trace_process.cpp:200] stepData is empty
2026-06-21 16:09:11 [INFO] [713994] [714003] [persistence_utils.h:39] Processor Save FreqParse Data.
2026-06-21 16:09:11 [INFO] [713994] [714003] [db_runner.cpp:49] Start create FreqParse
2026-06-21 16:09:11 [INFO] [713994] [714001] [parser.cpp:51] loop: /root/LHX/Magicore-final260620/ascblas/shell/prof_n_regular_single/nreg_m4096_n4093_k4096_s95_d16/PROF_000001_20260621160909408_EPLPJPCOCCGCQFMC/device_0/data/stars_soc.data.0.slice_0, file size: 5760
2026-06-21 16:09:11 [INFO] [713994] [714001] [parser.cpp:54] total size: 5760
2026-06-21 16:09:11 [INFO] [713994] [714002] [parser.cpp:51] loop: /root/LHX/Magicore-final260620/ascblas/shell/prof_n_regular_single/nreg_m4096_n4093_k4096_s95_d16/PROF_000001_20260621160909408_EPLPJPCOCCGCQFMC/device_0/data/ffts_profile.data.0.slice_0, file size: 110208
2026-06-21 16:09:11 [INFO] [713994] [714001] [parser.cpp:159] Parse filePrefix is: stars_soc., the number of files is: 1, and the total size of all files is: 5760
2026-06-21 16:09:11 [INFO] [713994] [714002] [parser.cpp:54] total size: 110208
2026-06-21 16:09:11 [INFO] [713994] [714001] [parser.cpp:87] Data has been read to the memory successfully!
2026-06-21 16:09:11 [INFO] [713994] [714002] [parser.cpp:159] Parse filePrefix is: ffts_profile, the number of files is: 1, and the total size of all files is: 110208
2026-06-21 16:09:11 [INFO] [713994] [714001] [stars_soc_parser.cpp:77] StarsSoc structCount: 90
2026-06-21 16:09:11 [INFO] [713994] [714002] [parser.cpp:87] Data has been read to the memory successfully!
2026-06-21 16:09:11 [INFO] [713994] [714002] [ffts_profile_parser.cpp:79] FftsProfileData structCount is : 861
2026-06-21 16:09:11 [INFO] [713994] [714001] [parser.cpp:177] Parser is completed!
2026-06-21 16:09:11 [INFO] [713994] [714003] [db_runner.cpp:62] create FreqParse success
2026-06-21 16:09:11 [INFO] [713994] [714003] [db_runner.h:57] Start insert data to FreqParse
2026-06-21 16:09:11 [INFO] [713994] [714003] [db_runner.h:68] insert data to FreqParse success
2026-06-21 16:09:11 [INFO] [713994] [714003] [freq_persistence.cpp:55] Process FreqParse done!
2026-06-21 16:09:11 [INFO] [713994] [714002] [ffts_profile_parser.cpp:93] Ffts_profile.data parser is completed, begin to save data into dataInventory!
2026-06-21 16:09:11 [INFO] [713994] [714002] [parser.cpp:177] Parser is completed!
2026-06-21 16:09:11 [INFO] [713994] [713995] [process_control.cpp:189] Level[1]Release Data Types: N8Analysis6Domain16StreamExpandSpecE 
2026-06-21 16:09:11 [INFO] [713994] [714004] [time_logger.h:28] LogModeling::SplitLogGroups  start
2026-06-21 16:09:11 [INFO] [713994] [714005] [acc_pmu_persistence.cpp:57] Start to process /root/LHX/Magicore-final260620/ascblas/shell/prof_n_regular_single/nreg_m4096_n4093_k4096_s95_d16/PROF_000001_20260621160909408_EPLPJPCOCCGCQFMC/device_0/sqlite/acc_pmu.db.
2026-06-21 16:09:11 [INFO] [713994] [714005] [acc_pmu_persistence.cpp:61] There is no acc pmu data don't need to persistence!
2026-06-21 16:09:11 [INFO] [713994] [714004] [time_logger.h:35] LogModeling::SplitLogGroups  end, cost time = 0 ms
2026-06-21 16:09:11 [INFO] [713994] [714004] [log_modeling.cpp:152] HalLogData size:90
2026-06-21 16:09:11 [INFO] [713994] [714006] [pmu_modeling.cpp:48] PMU modeling has done!
2026-06-21 16:09:11 [INFO] [713994] [714004] [log_modeling.cpp:153] acsqS stream:2, total:24
2026-06-21 16:09:11 [INFO] [713994] [714004] [log_modeling.cpp:154] acsqE stream:2, total:24
2026-06-21 16:09:11 [INFO] [713994] [714004] [log_modeling.cpp:155] fftsS stream:1, total:21
2026-06-21 16:09:11 [INFO] [713994] [714004] [log_modeling.cpp:156] fftsE stream:1, total:21
2026-06-21 16:09:11 [INFO] [713994] [714004] [time_logger.h:28] LogModeling::AddToDeviceTask  start
2026-06-21 16:09:11 [INFO] [713994] [714004] [log_modeling.cpp:224] ACSQ matched count:24
2026-06-21 16:09:11 [INFO] [713994] [714004] [log_modeling.cpp:234] FFTS matched count:21
2026-06-21 16:09:11 [INFO] [713994] [714004] [time_logger.h:35] LogModeling::AddToDeviceTask  end, cost time = 0 ms
2026-06-21 16:09:11 [INFO] [713994] [713995] [process_control.cpp:189] Level[2]Release Data Types: St6vectorIN8Analysis6Domain10HalLogDataESaIS2_EE St6vectorIN8Analysis6Domain12HalTrackDataESaIS2_EE 
2026-06-21 16:09:11 [INFO] [713994] [714007] [db_runner.h:75] Start query data
2026-06-21 16:09:11 [INFO] [713994] [714007] [db_runner.h:86] Query data success: SELECT stream_id, request_id, batch_id, task_id, context_ids, model_id, task_type, connection_id FROM HostTask where device_id = 0
2026-06-21 16:09:11 [INFO] [713994] [714007] [db_runner.h:75] Start query data
2026-06-21 16:09:11 [INFO] [713994] [714007] [db_runner.h:86] Query data success: SELECT stream_id, batch_id, task_id, context_id, block_dim, mix_block_dim FROM TaskInfo where device_id = 0
2026-06-21 16:09:11 [INFO] [713994] [714007] [load_host_data.cpp:101] Read host geinfo 0 not in table.
2026-06-21 16:09:11 [WARN] [713994] [714007] [load_host_data.cpp:52] There is no /root/LHX/Magicore-final260620/ascblas/shell/prof_n_regular_single/nreg_m4096_n4093_k4096_s95_d16/PROF_000001_20260621160909408_EPLPJPCOCCGCQFMC/device_0/..///host//sqlite/hccl.db
2026-06-21 16:09:11 [WARN] [713994] [714007] [load_host_data.cpp:52] There is no /root/LHX/Magicore-final260620/ascblas/shell/prof_n_regular_single/nreg_m4096_n4093_k4096_s95_d16/PROF_000001_20260621160909408_EPLPJPCOCCGCQFMC/device_0/..///host//sqlite/hccl.db
2026-06-21 16:09:11 [INFO] [713994] [713995] [process_control.cpp:189] Level[3]Release Data Types: 
2026-06-21 16:09:11 [INFO] [713994] [714009] [pmu_association.cpp:38] context pmu count is : 21
2026-06-21 16:09:11 [INFO] [713994] [714009] [pmu_association.cpp:39] block pmu count is : 840
2026-06-21 16:09:11 [INFO] [713994] [714009] [pmu_association.cpp:246] The acceleratorType of PMU is MIX
2026-06-21 16:09:11 [INFO] [713994] [714009] [pmu_association.cpp:186] Context PMU has been calculated!
2026-06-21 16:09:11 [INFO] [713994] [714008] [ascend_task_association.cpp:184] Found 23 host device matched task, generate 45 topDownTask
2026-06-21 16:09:11 [INFO] [713994] [713995] [process_control.cpp:189] Level[4]Release Data Types: St3mapIN8Analysis6Domain6TaskIdESt6vectorINS1_8HostTaskESaIS4_EESt4lessIS2_ESaISt4pairIKS2_S6_EEE St6vectorIN8Analysis6Domain10HalPmuDataESaIS2_EE St6vectorIN8Analysis6Domain14HalFreqLpmDataESaIS2_EE 
2026-06-21 16:09:11 [INFO] [713994] [714011] [hccl_calculator.cpp:51] Start Hccl calculator ProcessEntry.
2026-06-21 16:09:11 [INFO] [713994] [714011] [hccl_calculator.cpp:77] Start Hccl calculator GetHcclData.
2026-06-21 16:09:11 [INFO] [713994] [714011] [hccl_calculator.cpp:106] Start merge hccl task and ascend task.
2026-06-21 16:09:11 [INFO] [713994] [714010] [metric_summary_persistence.cpp:273] Start to process /root/LHX/Magicore-final260620/ascblas/shell/prof_n_regular_single/nreg_m4096_n4093_k4096_s95_d16/PROF_000001_20260621160909408_EPLPJPCOCCGCQFMC/device_0/sqlite/metric_summary.db.
2026-06-21 16:09:11 [INFO] [713994] [714011] [hccl_calculator.cpp:205] Start merge hccl op data.
2026-06-21 16:09:11 [INFO] [713994] [714010] [db_runner.cpp:49] Start create MetricSummary
2026-06-21 16:09:11 [INFO] [713994] [714011] [hccl_calculator.cpp:274] Start UpdateHcclOpNameByGroupName.
2026-06-21 16:09:11 [INFO] [713994] [714011] [hccl_calculator.cpp:300] Start UpdateHcclBandwidth.
2026-06-21 16:09:11 [INFO] [713994] [714011] [hccl_calculator.cpp:376] Start GetHcclStatisticsData.
2026-06-21 16:09:11 [WARN] [713994] [714011] [hccl_calculator.cpp:378] No op type in hccl data.
2026-06-21 16:09:11 [INFO] [713994] [714011] [hccl_calculator.cpp:433] Start inject hccl data.
2026-06-21 16:09:11 [INFO] [713994] [714010] [db_runner.cpp:62] create MetricSummary success
2026-06-21 16:09:11 [INFO] [713994] [714010] [metric_summary_persistence.cpp:281] Process MetricSummary done!
2026-06-21 16:09:11 [INFO] [713994] [713995] [process_control.cpp:189] Level[5]Release Data Types: St3mapIN8Analysis6Domain6TaskIdESt6vectorINS1_10DeviceTaskESaIS4_EESt4lessIS2_ESaISt4pairIKS2_S6_EEE St6vectorIN8Analysis6Domain8HcclTaskESaIS2_EE 
2026-06-21 16:09:11 [INFO] [713994] [714013] [device_hccl_persistence.cpp:129] Start to dump device hccl data.
2026-06-21 16:09:11 [INFO] [713994] [714012] [ascend_task_persistence.cpp:72] Start to process /root/LHX/Magicore-final260620/ascblas/shell/prof_n_regular_single/nreg_m4096_n4093_k4096_s95_d16/PROF_000001_20260621160909408_EPLPJPCOCCGCQFMC/device_0/sqlite/ascend_task.db.
2026-06-21 16:09:11 [WARN] [713994] [714013] [device_hccl_persistence.cpp:48] Hccl op data is empty.
2026-06-21 16:09:11 [WARN] [713994] [714013] [device_hccl_persistence.cpp:76] Hccl task data is empty.
2026-06-21 16:09:11 [WARN] [713994] [714013] [device_hccl_persistence.cpp:108] Hccl statistics data is empty.
2026-06-21 16:09:11 [INFO] [713994] [714012] [persistence_utils.h:39] Processor Save AscendTask Data.
2026-06-21 16:09:11 [INFO] [713994] [714012] [db_runner.cpp:49] Start create AscendTask
2026-06-21 16:09:11 [INFO] [713994] [714012] [db_runner.cpp:62] create AscendTask success
2026-06-21 16:09:11 [INFO] [713994] [714012] [db_runner.h:57] Start insert data to AscendTask
2026-06-21 16:09:11 [INFO] [713994] [714012] [db_runner.h:68] insert data to AscendTask success
2026-06-21 16:09:11 [INFO] [713994] [714012] [ascend_task_persistence.cpp:81] Process AscendTask done!
2026-06-21 16:09:11 [INFO] [713994] [713995] [process_control.cpp:189] Level[6]Release Data Types: St6vectorI11TopDownTaskSaIS0_EE St6vectorIN8Analysis6Domain14DeviceHcclTaskESaIS2_EE St6vectorIN8Analysis6Domain14HcclStatisticsESaIS2_EE St6vectorIN8Analysis6Domain6HcclOpESaIS2_EE 
2026-06-21 16:09:11 [INFO] [713994] [713994] [device_context.cpp:135] stat info: ===============================================================================
deivce file in /root/LHX/Magicore-final260620/ascblas/shell/prof_n_regular_single/nreg_m4096_n4093_k4096_s95_d16/PROF_000001_20260621160909408_EPLPJPCOCCGCQFMC/device_0
chip id: 5, process levels:7
-------------------------------------------------------------------------------
level[0] generalResult:true, process num:4
	process0[DeviceTaskProcess]:return: 0x0, mandatory:true
		dependProcessNames: 
		startTime:11,902,743,022,143 us, duration: 37 us
	process1[FreqParser]:return: 0x0, mandatory:true
		dependProcessNames: 
		startTime:11,902,743,022,165 us, duration: 244 us
	process2[LoadStreamExpandSpec]:return: 0x0, mandatory:true
		dependProcessNames: 
		startTime:11,902,743,022,187 us, duration: 748 us
	process3[TsTrackParser]:return: 0x0, mandatory:true
		dependProcessNames: 
		startTime:11,902,743,022,218 us, duration: 208 us
-------------------------------------------------------------------------------
level[1] generalResult:true, process num:4
	process0[FreqPersistence]:return: 0x0, mandatory:true
		dependProcessNames: FreqParser, 
		startTime:11,902,743,023,240 us, duration: 916 us
	process1[StarsSocParser]:return: 0x0, mandatory:true
		dependProcessNames: LoadStreamExpandSpec, 
		startTime:11,902,743,023,242 us, duration: 326 us
	process2[StepTraceProcess]:return: 0x0, mandatory:false
		dependProcessNames: TsTrackParser, 
		startTime:11,902,743,023,251 us, duration: 56 us
	process3[FftsProfileParser]:return: 0x0, mandatory:true
		dependProcessNames: LoadStreamExpandSpec, 
		startTime:11,902,743,023,257 us, duration: 1,526 us
-------------------------------------------------------------------------------
level[2] generalResult:true, process num:3
	process0[PmuModeling]:return: 0x0, mandatory:true
		dependProcessNames: FftsProfileParser, TsTrackParser, 
		startTime:11,902,743,025,022 us, duration: 101 us
	process1[Domain::LogModeling]:return: 0x0, mandatory:true
		dependProcessNames: StarsSocParser, TsTrackParser, 
		startTime:11,902,743,025,032 us, duration: 204 us
	process2[AccPmuPersistence]:return: 0x0, mandatory:true
		dependProcessNames: StarsSocParser, 
		startTime:11,902,743,025,038 us, duration: 42 us
-------------------------------------------------------------------------------
level[3] generalResult:true, process num:1
	process0[LoadHostData]:return: 0x0, mandatory:false
		dependProcessNames: Domain::LogModeling, 
		startTime:11,902,743,025,369 us, duration: 930 us
-------------------------------------------------------------------------------
level[4] generalResult:true, process num:2
	process0[PmuAssociation]:return: 0x0, mandatory:true
		dependProcessNames: LoadHostData, PmuModeling, 
		startTime:11,902,743,026,491 us, duration: 331 us
	process1[AscendTaskAssociation]:return: 0x0, mandatory:true
		dependProcessNames: LoadHostData, 
		startTime:11,902,743,026,498 us, duration: 523 us
-------------------------------------------------------------------------------
level[5] generalResult:true, process num:2
	process0[HcclCalculator]:return: 0x0, mandatory:true
		dependProcessNames: AscendTaskAssociation, LoadHostData, 
		startTime:11,902,743,027,268 us, duration: 145 us
	process1[MetricSummaryPersistence]:return: 0x0, mandatory:true
		dependProcessNames: PmuAssociation, 
		startTime:11,902,743,027,277 us, duration: 943 us
-------------------------------------------------------------------------------
level[6] generalResult:true, process num:2
	process0[AscendTaskPersistence]:return: 0x0, mandatory:true
		dependProcessNames: HcclCalculator, 
		startTime:11,902,743,028,453 us, duration: 881 us
	process1[DeviceHcclPersistence]:return: 0x0, mandatory:true
		dependProcessNames: HcclCalculator, 
		startTime:11,902,743,028,464 us, duration: 71 us


2026-06-21 16:09:11 [INFO] [713994] [713994] [time_logger.h:35] DeviceContextEntry  end, cost time = 8 ms
