2026-06-21 16:08:28 [INFO] [709159] [709159] [kernel_parser_worker.cpp:42] Start run KernelParserWorker
2026-06-21 16:08:28 [INFO] [709159] [709160] [kernel_parser_worker.cpp:54] Start parse hash data
2026-06-21 16:08:28 [INFO] [709159] [709161] [kernel_parser_worker.cpp:58] Start parse type info data
2026-06-21 16:08:28 [INFO] [709159] [709160] [kernel_parser_worker.cpp:74] Hash data load from path: /root/LHX/Magicore-final260620/ascblas/shell/prof_n_regular_single/nreg_m4096_n3840_k4096_s95_d16/PROF_000001_20260621160825542_RKHDNJQEGBELMHAA/host/data
2026-06-21 16:08:28 [INFO] [709159] [709161] [kernel_parser_worker.cpp:97] Typeinfo data load from path: /root/LHX/Magicore-final260620/ascblas/shell/prof_n_regular_single/nreg_m4096_n3840_k4096_s95_d16/PROF_000001_20260621160825542_RKHDNJQEGBELMHAA/host/data
2026-06-21 16:08:28 [INFO] [709159] [709160] [kernel_parser_worker.cpp:76] Start load runtime op info data
2026-06-21 16:08:28 [INFO] [709159] [709160] [kernel_parser_worker.cpp:79] success get hash data
2026-06-21 16:08:28 [INFO] [709159] [709160] [kernel_parser_worker.cpp:86] success get hashDbDumper
2026-06-21 16:08:28 [INFO] [709159] [709160] [db_runner.cpp:49] Start create GeHashInfo
2026-06-21 16:08:28 [INFO] [709159] [709161] [db_runner.cpp:49] Start create TypeHashInfo
2026-06-21 16:08:28 [INFO] [709159] [709160] [db_runner.cpp:62] create GeHashInfo success
2026-06-21 16:08:28 [INFO] [709159] [709160] [db_runner.h:57] Start insert data to GeHashInfo
2026-06-21 16:08:28 [INFO] [709159] [709161] [db_runner.cpp:62] create TypeHashInfo success
2026-06-21 16:08:28 [INFO] [709159] [709161] [db_runner.h:57] Start insert data to TypeHashInfo
2026-06-21 16:08:28 [INFO] [709159] [709161] [db_runner.h:68] insert data to TypeHashInfo success
2026-06-21 16:08:28 [INFO] [709159] [709161] [base_dumper.h:52] Dump TypeHashInfo data success
2026-06-21 16:08:28 [INFO] [709159] [709160] [db_runner.h:68] insert data to GeHashInfo success
2026-06-21 16:08:28 [INFO] [709159] [709160] [base_dumper.h:52] Dump GeHashInfo data success
2026-06-21 16:08:28 [INFO] [709159] [709159] [time_logger.h:28] HostTraceWorker start
2026-06-21 16:08:28 [INFO] [709159] [709159] [time_logger.h:28] Group all events start
2026-06-21 16:08:28 [INFO] [709159] [709163] [time_logger.h:28] Group Kernel start
2026-06-21 16:08:28 [INFO] [709159] [709164] [time_logger.h:28] Group FusionOpInfo start
2026-06-21 16:08:28 [INFO] [709159] [709170] [time_logger.h:28] Group GraphIdMap start
2026-06-21 16:08:28 [INFO] [709159] [709165] [time_logger.h:28] Group NodeBasicInfo start
2026-06-21 16:08:28 [INFO] [709159] [709166] [time_logger.h:28] Group NodeAttrInfo start
2026-06-21 16:08:28 [INFO] [709159] [709164] [time_logger.h:35] Group FusionOpInfo end, cost time = 0 ms
2026-06-21 16:08:28 [INFO] [709159] [709168] [time_logger.h:28] Group TensorInfo start
2026-06-21 16:08:28 [INFO] [709159] [709167] [time_logger.h:28] Group ContextId start
2026-06-21 16:08:28 [INFO] [709159] [709165] [time_logger.h:35] Group NodeBasicInfo end, cost time = 0 ms
2026-06-21 16:08:28 [INFO] [709159] [709169] [time_logger.h:28] Group HcclInfo start
2026-06-21 16:08:28 [INFO] [709159] [709164] [time_logger.h:28] Group TaskTrack start
2026-06-21 16:08:28 [INFO] [709159] [709165] [time_logger.h:28] Group HcclOpInfo start
2026-06-21 16:08:28 [INFO] [709159] [709166] [time_logger.h:35] Group NodeAttrInfo end, cost time = 0 ms
2026-06-21 16:08:28 [INFO] [709159] [709168] [time_logger.h:35] Group TensorInfo end, cost time = 0 ms
2026-06-21 16:08:28 [INFO] [709159] [709170] [time_logger.h:35] Group GraphIdMap end, cost time = 0 ms
2026-06-21 16:08:28 [INFO] [709159] [709163] [time_logger.h:35] Group Kernel end, cost time = 0 ms
2026-06-21 16:08:28 [INFO] [709159] [709165] [time_logger.h:35] Group HcclOpInfo end, cost time = 0 ms
2026-06-21 16:08:28 [INFO] [709159] [709167] [time_logger.h:35] Group ContextId end, cost time = 0 ms
2026-06-21 16:08:28 [INFO] [709159] [709169] [time_logger.h:35] Group HcclInfo end, cost time = 0 ms
2026-06-21 16:08:28 [INFO] [709159] [709164] [time_logger.h:35] Group TaskTrack end, cost time = 0 ms
2026-06-21 16:08:28 [INFO] [709159] [709159] [event_grouper.cpp:122] After group events, Kernel: 46, GraphId: 0, FusionOp: 0, NodeBasic: 0, NodeAttr: 0, Tensor: 0, ContextId: 0, HcclInfo: 0, TaskTrack: 23, HcclOpInfo: 0, thread: 708991
2026-06-21 16:08:28 [INFO] [709159] [709159] [time_logger.h:35] Group all events end, cost time = 1 ms
2026-06-21 16:08:28 [INFO] [709159] [709171] [time_logger.h:28] Dump api data start start
2026-06-21 16:08:28 [INFO] [709159] [709172] [time_logger.h:28] Dump flip tasks data start start
2026-06-21 16:08:28 [INFO] [709159] [709174] [time_logger.h:28] Dump model name data start start
2026-06-21 16:08:28 [INFO] [709159] [709172] [db_runner.cpp:49] Start create HostTaskFlip
2026-06-21 16:08:28 [INFO] [709159] [709171] [db_runner.cpp:49] Start create ApiData
2026-06-21 16:08:28 [INFO] [709159] [709173] [time_logger.h:28] Multi thread build tree start
2026-06-21 16:08:28 [WARN] [709159] [709174] [base_dumper.h:38] Input data is empty, pass dump
2026-06-21 16:08:28 [INFO] [709159] [709174] [time_logger.h:35] Dump model name data start end, cost time = 0 ms
2026-06-21 16:08:28 [INFO] [709159] [709190] [host_trace_worker.cpp:66] Start multi thread build tree, threadId = 708991
2026-06-21 16:08:28 [INFO] [709159] [709190] [event_queue.cpp:70] EventQueue for thread 708991 is empty
2026-06-21 16:08:28 [INFO] [709159] [709190] [event_queue.cpp:70] EventQueue for thread 708991 is empty
2026-06-21 16:08:28 [INFO] [709159] [709172] [db_runner.cpp:62] create HostTaskFlip success
2026-06-21 16:08:28 [INFO] [709159] [709171] [db_runner.cpp:62] create ApiData success
2026-06-21 16:08:28 [INFO] [709159] [709172] [db_runner.h:57] Start insert data to HostTaskFlip
2026-06-21 16:08:28 [INFO] [709159] [709171] [db_runner.h:57] Start insert data to ApiData
2026-06-21 16:08:28 [WARN] [709159] [709193] [tree_builder.cpp:188] No Events, event type: 8, threadId = 708991
2026-06-21 16:08:28 [WARN] [709159] [709191] [tree_builder.cpp:188] No Events, event type: 6, threadId = 708991
2026-06-21 16:08:28 [WARN] [709159] [709192] [tree_builder.cpp:188] No Events, event type: 2, threadId = 708991
2026-06-21 16:08:28 [WARN] [709159] [709191] [tree_builder.cpp:188] No Events, event type: 5, threadId = 708991
2026-06-21 16:08:28 [WARN] [709159] [709192] [tree_builder.cpp:188] No Events, event type: 3, threadId = 708991
2026-06-21 16:08:28 [WARN] [709159] [709192] [tree_builder.cpp:188] No Events, event type: 4, threadId = 708991
2026-06-21 16:08:28 [WARN] [709159] [709192] [tree_builder.cpp:188] No Events, event type: 6, threadId = 708991
2026-06-21 16:08:28 [WARN] [709159] [709192] [tree_builder.cpp:188] No Events, event type: 10, threadId = 708991
2026-06-21 16:08:28 [INFO] [709159] [709172] [db_runner.h:68] insert data to HostTaskFlip success
2026-06-21 16:08:28 [INFO] [709159] [709172] [base_dumper.h:52] Dump HostTaskFlip data success
2026-06-21 16:08:28 [INFO] [709159] [709172] [time_logger.h:35] Dump flip tasks data start end, cost time = 1 ms
2026-06-21 16:08:28 [INFO] [709159] [709190] [tree_builder.cpp:69] Build Tree End, ThreadId = 708991
2026-06-21 16:08:28 [INFO] [709159] [709171] [db_runner.h:68] insert data to ApiData success
2026-06-21 16:08:28 [INFO] [709159] [709190] [host_trace_worker.cpp:76] Multi thread build tree done, threadId = 708991
2026-06-21 16:08:28 [INFO] [709159] [709171] [base_dumper.h:52] Dump ApiData data success
2026-06-21 16:08:28 [INFO] [709159] [709171] [time_logger.h:35] Dump api data start end, cost time = 1 ms
2026-06-21 16:08:28 [INFO] [709159] [709173] [time_logger.h:35] Multi thread build tree end, cost time = 1 ms
2026-06-21 16:08:28 [INFO] [709159] [709173] [time_logger.h:28] Multi thread analyze tree and dump data start
2026-06-21 16:08:28 [INFO] [709159] [709194] [host_trace_worker.cpp:92] Start analyze tree and dump data, threadId = 708991
2026-06-21 16:08:28 [INFO] [709159] [709194] [time_logger.h:28] Dump CANN data start
2026-06-21 16:08:28 [INFO] [709159] [709204] [cann_trace_db_dumper.cpp:144] Empty hccl OPs
2026-06-21 16:08:28 [INFO] [709159] [709206] [time_logger.h:28] Dump host tasks start
2026-06-21 16:08:28 [INFO] [709159] [709205] [time_logger.h:28] DumpOpDesc Start start
2026-06-21 16:08:28 [INFO] [709159] [709207] [cann_trace_db_dumper.cpp:442] Empty geFusionOps
2026-06-21 16:08:28 [INFO] [709159] [709204] [cann_trace_db_dumper.cpp:389] Empty hccl tasks
2026-06-21 16:08:28 [INFO] [709159] [709206] [db_runner.cpp:49] Start create HostTask
2026-06-21 16:08:28 [INFO] [709159] [709205] [db_runner.cpp:49] Start create TaskInfo
2026-06-21 16:08:28 [INFO] [709159] [709206] [db_runner.cpp:62] create HostTask success
2026-06-21 16:08:28 [INFO] [709159] [709206] [db_runner.h:57] Start insert data to HostTask
2026-06-21 16:08:28 [INFO] [709159] [709205] [db_runner.cpp:62] create TaskInfo success
2026-06-21 16:08:28 [INFO] [709159] [709205] [db_runner.h:57] Start insert data to TaskInfo
2026-06-21 16:08:28 [INFO] [709159] [709206] [db_runner.h:68] insert data to HostTask success
2026-06-21 16:08:28 [INFO] [709159] [709206] [time_logger.h:35] Dump host tasks end, cost time = 1 ms
2026-06-21 16:08:28 [INFO] [709159] [709205] [db_runner.h:68] insert data to TaskInfo success
2026-06-21 16:08:28 [INFO] [709159] [709205] [time_logger.h:35] DumpOpDesc Start end, cost time = 1 ms
2026-06-21 16:08:28 [INFO] [709159] [709194] [time_logger.h:35] Dump CANN data end, cost time = 1 ms
2026-06-21 16:08:28 [INFO] [709159] [709194] [host_trace_worker.cpp:100] Dump cann trace data done, threadId = 708991
2026-06-21 16:08:28 [INFO] [709159] [709173] [time_logger.h:35] Multi thread analyze tree and dump data end, cost time = 2 ms
2026-06-21 16:08:28 [INFO] [709159] [709159] [time_logger.h:28] Dump memcpy info data start start
2026-06-21 16:08:28 [WARN] [709159] [709159] [base_dumper.h:38] Input data is empty, pass dump
2026-06-21 16:08:28 [INFO] [709159] [709159] [time_logger.h:35] Dump memcpy info data start end, cost time = 0 ms
2026-06-21 16:08:28 [INFO] [709159] [709159] [time_logger.h:35] HostTraceWorker end, cost time = 5 ms
