[WARNING] msprof is running as root. For security reasons, use a regular user account instead.
[INFO] Start profiling...
Host-side N padding enabled: N_original=4093, N_kernel=4096 (pad 3 columns, granularity=128)
✅ 成功读取二进制文件: ../../data/vector_csr/A_data.bin (元素数: 838848)
✅ 成功读取二进制文件: ../../data/vector_csr/A_cols.bin (元素数: 52428)
✅ 成功读取二进制文件: ../../data/vector_csr/A_indptr.bin (元素数: 257)

>>> A矩阵vector-CSR格式信息:
向量块数量: 52428  向量维度d: 16
行块数: 256  行指针长度: 257
>>> 前16个元素（float）:
-0.8571 -0.6359 -0.6410 0.4087 -1.9040 2.1517 -0.9977 -1.8717 
0.1126 0.6480 0.4640 -0.3075 -0.1998 -0.5020 0.3498 -0.1093 

✅ 成功读取二进制文件: ../../data/B_dense.bin (元素数: 16764928)
>>> 前16个元素（__fp16）:
-0.3052 1.8145 1.8984 1.4434 1.4062 -0.8145 0.5640 -1.3691 
-0.0903 -2.6992 -0.0410 0.6260 -0.2595 0.3120 -1.6367 -2.5508 

B-pack workspace: double-buffered ring, slots=2, n_batch=64, aic_n_batch=8, sparse_k_tile=256, total_b_pack_elems=111476736
Kernel start!
Prof mode: launch spmm kernel 21 times for stable msprof statistics.

===== Host Wall-Time Breakdown =====
  acl init + handle        : 601.380 ms
  host malloc/init         : 2.679 ms
  read A vector CSR        : 3.301 ms
  read B dense             : 62.773 ms
  read C reference         : 0.000 ms
  analyze sparse metadata  : 0.045 ms
  pack B on host (once)    : 0.000 ms
  debug host alloc/init    : 0.000 ms
  device malloc            : 0.396 ms
  H2D memcpy               : 1.590 ms
  device memset            : 3.336 ms
  kernel loop + sync       : 18.499 ms
  kernel avg per launch    : 0.881 ms (21 launches)
  D2H C memcpy             : 0.000 ms
  D2H debug memcpy         : 0.000 ms
  debug dump printing      : 0.000 ms
  verification             : 0.000 ms
  debug summary printing   : 0.000 ms
  cleanup                  : 512.033 ms
  total inside main        : 1206.090 ms
====================================

Kernel end!
[INFO] Start export data in PROF_000001_20260621160909408_EPLPJPCOCCGCQFMC.
Sun 21 Jun 2026 16:09:11 [INFO] [MSVP] [713896] msprof_common.py: Start analyzing data in "/root/LHX/Magicore-final260620/ascblas/shell/prof_n_regular_single/nreg_m4096_n4093_k4096_s95_d16/PROF_000001_20260621160909408_EPLPJPCOCCGCQFMC/host" ...
Sun 21 Jun 2026 16:09:11 [INFO] [MSVP] [713896] msprof_common.py: It may take few minutes, please be patient ...
Sun 21 Jun 2026 16:09:11 [INFO] [MSVP] [713896] msprof_common.py: Analysis data in "/root/LHX/Magicore-final260620/ascblas/shell/prof_n_regular_single/nreg_m4096_n4093_k4096_s95_d16/PROF_000001_20260621160909408_EPLPJPCOCCGCQFMC/host" finished.
Sun 21 Jun 2026 16:09:11 [INFO] [MSVP] [713896] msprof_common.py: Start analyzing data in "/root/LHX/Magicore-final260620/ascblas/shell/prof_n_regular_single/nreg_m4096_n4093_k4096_s95_d16/PROF_000001_20260621160909408_EPLPJPCOCCGCQFMC/device_0" ...
Sun 21 Jun 2026 16:09:11 [INFO] [MSVP] [713896] msprof_common.py: It may take few minutes, please be patient ...
Sun 21 Jun 2026 16:09:11 [INFO] [MSVP] [713896] msprof_common.py: Analysis data in "/root/LHX/Magicore-final260620/ascblas/shell/prof_n_regular_single/nreg_m4096_n4093_k4096_s95_d16/PROF_000001_20260621160909408_EPLPJPCOCCGCQFMC/device_0" finished.
Sun 21 Jun 2026 16:09:12 [INFO] [MSVP] [713896] msprof_export.py: All collected data will be exported, path is: /root/LHX/Magicore-final260620/ascblas/shell/prof_n_regular_single/nreg_m4096_n4093_k4096_s95_d16/PROF_000001_20260621160909408_EPLPJPCOCCGCQFMC/device_0.
Sun 21 Jun 2026 16:09:12 [INFO] [MSVP] [713896] msprof_export.py: There is no timeline data to export for "/root/LHX/Magicore-final260620/ascblas/shell/prof_n_regular_single/nreg_m4096_n4093_k4096_s95_d16/PROF_000001_20260621160909408_EPLPJPCOCCGCQFMC/host"
Sun 21 Jun 2026 16:09:12 [INFO] [MSVP] [714061] msprof_export.py: The data in "/root/LHX/Magicore-final260620/ascblas/shell/prof_n_regular_single/nreg_m4096_n4093_k4096_s95_d16/PROF_000001_20260621160909408_EPLPJPCOCCGCQFMC/host" has been analyzed. Parsing phase will be skipped.
Sun 21 Jun 2026 16:09:12 [INFO] [MSVP] [714061] msprof_export.py: The data in "/root/LHX/Magicore-final260620/ascblas/shell/prof_n_regular_single/nreg_m4096_n4093_k4096_s95_d16/PROF_000001_20260621160909408_EPLPJPCOCCGCQFMC/device_0" has been analyzed. Parsing phase will be skipped.
Sun 21 Jun 2026 16:09:12 [INFO] [MSVP] [714061] msprof_export.py: All collected data will be exported, path is: /root/LHX/Magicore-final260620/ascblas/shell/prof_n_regular_single/nreg_m4096_n4093_k4096_s95_d16/PROF_000001_20260621160909408_EPLPJPCOCCGCQFMC/device_0.
Sun 21 Jun 2026 16:09:12 [INFO] [MSVP] [714061] msprof_export.py: There is no summary data to export for "/root/LHX/Magicore-final260620/ascblas/shell/prof_n_regular_single/nreg_m4096_n4093_k4096_s95_d16/PROF_000001_20260621160909408_EPLPJPCOCCGCQFMC/host"
Sun 21 Jun 2026 16:09:12 [INFO] [MSVP] [714061] msprof_export.py: All collected data will be exported, path is: /root/LHX/Magicore-final260620/ascblas/shell/prof_n_regular_single/nreg_m4096_n4093_k4096_s95_d16/PROF_000001_20260621160909408_EPLPJPCOCCGCQFMC/device_0.
Sun 21 Jun 2026 16:09:12 [INFO] [MSVP] [714061] msprof_common.py: Start exporting summary output_file.
Sun 21 Jun 2026 16:09:12 [INFO] [MSVP] [714061] msprof_common.py: End exporting summary output_file.The file is stored in the /root/LHX/Magicore-final260620/ascblas/shell/prof_n_regular_single/nreg_m4096_n4093_k4096_s95_d16/PROF_000001_20260621160909408_EPLPJPCOCCGCQFMC/mindstudio_profiler_output path.
[INFO] Export all data in PROF_000001_20260621160909408_EPLPJPCOCCGCQFMC done.
[INFO] Start query data in PROF_000001_20260621160909408_EPLPJPCOCCGCQFMC.
Job Info	Device ID	Dir Name	Collection Time           	Model ID	Iteration Number	Top Time Iteration	Rank ID	

NA      	         	host    	2026-06-21 16:09:09.411014	N/A     	N/A             	N/A               	-1     	

NA      	0        	device_0	2026-06-21 16:09:09.979788	N/A     	N/A             	N/A               	-1     	

[INFO] Query all data in PROF_000001_20260621160909408_EPLPJPCOCCGCQFMC done.
[INFO] Profiling finished.
[INFO] Process profiling data complete. Data is saved in /root/LHX/Magicore-final260620/ascblas/shell/prof_n_regular_single/nreg_m4096_n4093_k4096_s95_d16/PROF_000001_20260621160909408_EPLPJPCOCCGCQFMC
